<?xml version="1.0" encoding="UTF-8"?>
<testsuite xmlns:xsi="http://www.w3.org/2001/XMLSchema-instance" xsi:noNamespaceSchemaLocation="https://maven.apache.org/surefire/maven-failsafe-plugin/xsd/failsafe-test-report.xsd" name="create different orders" time="229.777" tests="5" errors="5" skipped="0" failures="0">
  <properties>
    <property name="gopherProxySet" value="false"/>
    <property name="awt.toolkit" value="sun.lwawt.macosx.LWCToolkit"/>
    <property name="java.specification.version" value="11"/>
    <property name="sun.cpu.isalist" value=""/>
    <property name="sun.jnu.encoding" value="UTF-8"/>
    <property name="java.class.path" value="/Users/jorgelozano/Documents/Automation/SerenityBDD/target/test-classes:/Users/jorgelozano/Documents/Automation/SerenityBDD/target/SerenityBDD-1.0-SNAPSHOT.jar:/Users/jorgelozano/.m2/repository/org/slf4j/slf4j-simple/1.7.30/slf4j-simple-1.7.30.jar:/Users/jorgelozano/.m2/repository/org/slf4j/slf4j-api/1.7.30/slf4j-api-1.7.30.jar:/Users/jorgelozano/.m2/repository/net/serenity-bdd/serenity-core/2.0.81/serenity-core-2.0.81.jar:/Users/jorgelozano/.m2/repository/net/bytebuddy/byte-buddy/1.10.1/byte-buddy-1.10.1.jar:/Users/jorgelozano/.m2/repository/net/bytebuddy/byte-buddy-agent/1.10.1/byte-buddy-agent-1.10.1.jar:/Users/jorgelozano/.m2/repository/com/google/guava/guava/25.0-jre/guava-25.0-jre.jar:/Users/jorgelozano/.m2/repository/com/google/code/findbugs/jsr305/1.3.9/jsr305-1.3.9.jar:/Users/jorgelozano/.m2/repository/org/checkerframework/checker-compat-qual/2.0.0/checker-compat-qual-2.0.0.jar:/Users/jorgelozano/.m2/repository/com/google/errorprone/error_prone_annotations/2.1.3/error_prone_annotations-2.1.3.jar:/Users/jorgelozano/.m2/repository/com/google/j2objc/j2objc-annotations/1.1/j2objc-annotations-1.1.jar:/Users/jorgelozano/.m2/repository/org/codehaus/mojo/animal-sniffer-annotations/1.14/animal-sniffer-annotations-1.14.jar:/Users/jorgelozano/.m2/repository/com/google/inject/guice/4.2.2/guice-4.2.2.jar:/Users/jorgelozano/.m2/repository/javax/inject/javax.inject/1/javax.inject-1.jar:/Users/jorgelozano/.m2/repository/aopalliance/aopalliance/1.0/aopalliance-1.0.jar:/Users/jorgelozano/.m2/repository/cglib/cglib/3.3.0/cglib-3.3.0.jar:/Users/jorgelozano/.m2/repository/org/ow2/asm/asm/7.2/asm-7.2.jar:/Users/jorgelozano/.m2/repository/commons-codec/commons-codec/1.10/commons-codec-1.10.jar:/Users/jorgelozano/.m2/repository/org/objenesis/objenesis/3.0.1/objenesis-3.0.1.jar:/Users/jorgelozano/.m2/repository/xml-apis/xml-apis/1.4.01/xml-apis-1.4.01.jar:/Users/jorgelozano/.m2/repository/io/cucumber/cucumber-core/2.4.0/cucumber-core-2.4.0.jar:/Users/jorgelozano/.m2/repository/info/cukes/cucumber-html/0.2.6/cucumber-html-0.2.6.jar:/Users/jorgelozano/.m2/repository/io/cucumber/cucumber-jvm-deps/1.0.6/cucumber-jvm-deps-1.0.6.jar:/Users/jorgelozano/.m2/repository/io/cucumber/gherkin/5.0.0/gherkin-5.0.0.jar:/Users/jorgelozano/.m2/repository/io/cucumber/tag-expressions/1.1.1/tag-expressions-1.1.1.jar:/Users/jorgelozano/.m2/repository/commons-logging/commons-logging/1.2/commons-logging-1.2.jar:/Users/jorgelozano/.m2/repository/junit/junit/4.12/junit-4.12.jar:/Users/jorgelozano/.m2/repository/io/vavr/vavr/0.9.0/vavr-0.9.0.jar:/Users/jorgelozano/.m2/repository/io/vavr/vavr-match/0.9.0/vavr-match-0.9.0.jar:/Users/jorgelozano/.m2/repository/javax/xml/bind/jaxb-api/2.2.12/jaxb-api-2.2.12.jar:/Users/jorgelozano/.m2/repository/com/sun/xml/bind/jaxb-core/2.3.0.1/jaxb-core-2.3.0.1.jar:/Users/jorgelozano/.m2/repository/com/sun/xml/bind/jaxb-impl/2.3.0.1/jaxb-impl-2.3.0.1.jar:/Users/jorgelozano/.m2/repository/javax/activation/activation/1.1.1/activation-1.1.1.jar:/Users/jorgelozano/.m2/repository/org/mockito/mockito-core/3.1.0/mockito-core-3.1.0.jar:/Users/jorgelozano/.m2/repository/net/serenity-bdd/serenity-report-resources/2.0.81/serenity-report-resources-2.0.81.jar:/Users/jorgelozano/.m2/repository/net/serenity-bdd/serenity-model/2.0.81/serenity-model-2.0.81.jar:/Users/jorgelozano/.m2/repository/commons-net/commons-net/3.6/commons-net-3.6.jar:/Users/jorgelozano/.m2/repository/org/apache/commons/commons-text/1.6/commons-text-1.6.jar:/Users/jorgelozano/.m2/repository/es/nitaur/markdown/txtmark/0.16/txtmark-0.16.jar:/Users/jorgelozano/.m2/repository/net/serenity-bdd/serenity-reports/2.0.81/serenity-reports-2.0.81.jar:/Users/jorgelozano/.m2/repository/net/serenity-bdd/serenity-stats/2.0.81/serenity-stats-2.0.81.jar:/Users/jorgelozano/.m2/repository/org/jetbrains/kotlin/kotlin-stdlib/1.3.31/kotlin-stdlib-1.3.31.jar:/Users/jorgelozano/.m2/repository/org/jetbrains/kotlin/kotlin-stdlib-common/1.3.31/kotlin-stdlib-common-1.3.31.jar:/Users/jorgelozano/.m2/repository/org/jetbrains/annotations/13.0/annotations-13.0.jar:/Users/jorgelozano/.m2/repository/com/google/code/gson/gson/2.8.4/gson-2.8.4.jar:/Users/jorgelozano/.m2/repository/commons-io/commons-io/2.6/commons-io-2.6.jar:/Users/jorgelozano/.m2/repository/org/seleniumhq/selenium/selenium-server/3.141.59/selenium-server-3.141.59.jar:/Users/jorgelozano/.m2/repository/org/seleniumhq/selenium/selenium-firefox-driver/3.141.59/selenium-firefox-driver-3.141.59.jar:/Users/jorgelozano/.m2/repository/org/seleniumhq/selenium/selenium-ie-driver/3.141.59/selenium-ie-driver-3.141.59.jar:/Users/jorgelozano/.m2/repository/com/beust/jcommander/1.72/jcommander-1.72.jar:/Users/jorgelozano/.m2/repository/org/apache/commons/commons-exec/1.3/commons-exec-1.3.jar:/Users/jorgelozano/.m2/repository/net/jcip/jcip-annotations/1.0/jcip-annotations-1.0.jar:/Users/jorgelozano/.m2/repository/org/seleniumhq/selenium/jetty-repacked/9.4.12.v20180830/jetty-repacked-9.4.12.v20180830.jar:/Users/jorgelozano/.m2/repository/com/squareup/okhttp3/okhttp/3.11.0/okhttp-3.11.0.jar:/Users/jorgelozano/.m2/repository/com/squareup/okio/okio/1.14.0/okio-1.14.0.jar:/Users/jorgelozano/.m2/repository/javax/servlet/javax.servlet-api/3.1.0/javax.servlet-api-3.1.0.jar:/Users/jorgelozano/.m2/repository/org/yaml/snakeyaml/1.19/snakeyaml-1.19.jar:/Users/jorgelozano/.m2/repository/org/seleniumhq/selenium/selenium-java/3.141.59/selenium-java-3.141.59.jar:/Users/jorgelozano/.m2/repository/org/seleniumhq/selenium/selenium-api/3.141.59/selenium-api-3.141.59.jar:/Users/jorgelozano/.m2/repository/org/seleniumhq/selenium/selenium-chrome-driver/3.141.59/selenium-chrome-driver-3.141.59.jar:/Users/jorgelozano/.m2/repository/org/seleniumhq/selenium/selenium-edge-driver/3.141.59/selenium-edge-driver-3.141.59.jar:/Users/jorgelozano/.m2/repository/org/seleniumhq/selenium/selenium-remote-driver/3.141.59/selenium-remote-driver-3.141.59.jar:/Users/jorgelozano/.m2/repository/org/seleniumhq/selenium/selenium-safari-driver/3.141.59/selenium-safari-driver-3.141.59.jar:/Users/jorgelozano/.m2/repository/org/seleniumhq/selenium/selenium-opera-driver/3.141.59/selenium-opera-driver-3.141.59.jar:/Users/jorgelozano/.m2/repository/org/seleniumhq/selenium/selenium-support/3.141.59/selenium-support-3.141.59.jar:/Users/jorgelozano/.m2/repository/com/paulhammant/ngwebdriver/1.1.4/ngwebdriver-1.1.4.jar:/Users/jorgelozano/.m2/repository/com/codeborne/phantomjsdriver/1.4.4/phantomjsdriver-1.4.4.jar:/Users/jorgelozano/.m2/repository/org/seleniumhq/selenium/htmlunit-driver/2.36.0/htmlunit-driver-2.36.0.jar:/Users/jorgelozano/.m2/repository/io/appium/java-client/7.2.0/java-client-7.2.0.jar:/Users/jorgelozano/.m2/repository/commons-validator/commons-validator/1.6/commons-validator-1.6.jar:/Users/jorgelozano/.m2/repository/commons-beanutils/commons-beanutils/1.9.2/commons-beanutils-1.9.2.jar:/Users/jorgelozano/.m2/repository/commons-digester/commons-digester/1.8.1/commons-digester-1.8.1.jar:/Users/jorgelozano/.m2/repository/org/aspectj/aspectjweaver/1.9.4/aspectjweaver-1.9.4.jar:/Users/jorgelozano/.m2/repository/org/springframework/spring-context-support/5.1.2.RELEASE/spring-context-support-5.1.2.RELEASE.jar:/Users/jorgelozano/.m2/repository/org/springframework/spring-beans/5.1.2.RELEASE/spring-beans-5.1.2.RELEASE.jar:/Users/jorgelozano/.m2/repository/org/springframework/spring-context/5.1.2.RELEASE/spring-context-5.1.2.RELEASE.jar:/Users/jorgelozano/.m2/repository/org/springframework/spring-aop/5.1.2.RELEASE/spring-aop-5.1.2.RELEASE.jar:/Users/jorgelozano/.m2/repository/org/springframework/spring-expression/5.1.2.RELEASE/spring-expression-5.1.2.RELEASE.jar:/Users/jorgelozano/.m2/repository/org/springframework/spring-core/5.1.2.RELEASE/spring-core-5.1.2.RELEASE.jar:/Users/jorgelozano/.m2/repository/org/springframework/spring-jcl/5.1.2.RELEASE/spring-jcl-5.1.2.RELEASE.jar:/Users/jorgelozano/.m2/repository/org/codehaus/groovy/groovy/2.5.5/groovy-2.5.5.jar:/Users/jorgelozano/.m2/repository/net/sf/opencsv/opencsv/2.0/opencsv-2.0.jar:/Users/jorgelozano/.m2/repository/commons-beanutils/commons-beanutils-core/1.8.3/commons-beanutils-core-1.8.3.jar:/Users/jorgelozano/.m2/repository/joda-time/joda-time/2.7/joda-time-2.7.jar:/Users/jorgelozano/.m2/repository/com/thoughtworks/xstream/xstream/1.4.9/xstream-1.4.9.jar:/Users/jorgelozano/.m2/repository/xmlpull/xmlpull/1.1.3.1/xmlpull-1.1.3.1.jar:/Users/jorgelozano/.m2/repository/xpp3/xpp3_min/1.1.4c/xpp3_min-1.1.4c.jar:/Users/jorgelozano/.m2/repository/org/apache/commons/commons-lang3/3.8.1/commons-lang3-3.8.1.jar:/Users/jorgelozano/.m2/repository/commons-collections/commons-collections/3.2.2/commons-collections-3.2.2.jar:/Users/jorgelozano/.m2/repository/org/freemarker/freemarker/2.3.28/freemarker-2.3.28.jar:/Users/jorgelozano/.m2/repository/net/sourceforge/jexcelapi/jxl/2.6.12/jxl-2.6.12.jar:/Users/jorgelozano/.m2/repository/org/hamcrest/hamcrest-core/1.3/hamcrest-core-1.3.jar:/Users/jorgelozano/.m2/repository/org/hamcrest/hamcrest-library/1.3/hamcrest-library-1.3.jar:/Users/jorgelozano/.m2/repository/net/sourceforge/htmlunit/htmlunit/2.36.0/htmlunit-2.36.0.jar:/Users/jorgelozano/.m2/repository/net/sourceforge/htmlunit/htmlunit-core-js/2.36.0/htmlunit-core-js-2.36.0.jar:/Users/jorgelozano/.m2/repository/net/sourceforge/htmlunit/neko-htmlunit/2.36.0/neko-htmlunit-2.36.0.jar:/Users/jorgelozano/.m2/repository/xerces/xercesImpl/2.12.0/xercesImpl-2.12.0.jar:/Users/jorgelozano/.m2/repository/net/sourceforge/htmlunit/htmlunit-cssparser/1.5.0/htmlunit-cssparser-1.5.0.jar:/Users/jorgelozano/.m2/repository/org/brotli/dec/0.1.2/dec-0.1.2.jar:/Users/jorgelozano/.m2/repository/org/eclipse/jetty/websocket/websocket-client/9.4.20.v20190813/websocket-client-9.4.20.v20190813.jar:/Users/jorgelozano/.m2/repository/org/eclipse/jetty/jetty-client/9.4.20.v20190813/jetty-client-9.4.20.v20190813.jar:/Users/jorgelozano/.m2/repository/org/eclipse/jetty/jetty-http/9.4.20.v20190813/jetty-http-9.4.20.v20190813.jar:/Users/jorgelozano/.m2/repository/org/eclipse/jetty/jetty-xml/9.4.20.v20190813/jetty-xml-9.4.20.v20190813.jar:/Users/jorgelozano/.m2/repository/org/eclipse/jetty/jetty-util/9.4.20.v20190813/jetty-util-9.4.20.v20190813.jar:/Users/jorgelozano/.m2/repository/org/eclipse/jetty/jetty-io/9.4.20.v20190813/jetty-io-9.4.20.v20190813.jar:/Users/jorgelozano/.m2/repository/org/eclipse/jetty/websocket/websocket-common/9.4.20.v20190813/websocket-common-9.4.20.v20190813.jar:/Users/jorgelozano/.m2/repository/org/eclipse/jetty/websocket/websocket-api/9.4.20.v20190813/websocket-api-9.4.20.v20190813.jar:/Users/jorgelozano/.m2/repository/org/apache/httpcomponents/httpclient/4.5.5/httpclient-4.5.5.jar:/Users/jorgelozano/.m2/repository/org/apache/httpcomponents/httpcore/4.4.9/httpcore-4.4.9.jar:/Users/jorgelozano/.m2/repository/org/apache/httpcomponents/httpmime/4.5.5/httpmime-4.5.5.jar:/Users/jorgelozano/.m2/repository/org/fluentlenium/fluentlenium-core/0.10.2/fluentlenium-core-0.10.2.jar:/Users/jorgelozano/.m2/repository/com/jhlabs/filters/2.0.235/filters-2.0.235.jar:/Users/jorgelozano/.m2/repository/org/asciidoctor/asciidoctorj/1.5.6/asciidoctorj-1.5.6.jar:/Users/jorgelozano/.m2/repository/org/jruby/jruby-complete/1.7.26/jruby-complete-1.7.26.jar:/Users/jorgelozano/.m2/repository/org/imgscalr/imgscalr-lib/4.2/imgscalr-lib-4.2.jar:/Users/jorgelozano/.m2/repository/javax/el/javax.el-api/2.2.4/javax.el-api-2.2.4.jar:/Users/jorgelozano/.m2/repository/org/glassfish/web/javax.el/2.2.4/javax.el-2.2.4.jar:/Users/jorgelozano/.m2/repository/xalan/xalan/2.7.2/xalan-2.7.2.jar:/Users/jorgelozano/.m2/repository/xalan/serializer/2.7.2/serializer-2.7.2.jar:/Users/jorgelozano/.m2/repository/org/awaitility/awaitility/4.0.1/awaitility-4.0.1.jar:/Users/jorgelozano/.m2/repository/org/hamcrest/hamcrest/2.1/hamcrest-2.1.jar:/Users/jorgelozano/.m2/repository/com/typesafe/config/1.3.1/config-1.3.1.jar:/Users/jorgelozano/.m2/repository/org/jsoup/jsoup/1.10.3/jsoup-1.10.3.jar:/Users/jorgelozano/.m2/repository/com/google/jimfs/jimfs/1.1/jimfs-1.1.jar:/Users/jorgelozano/.m2/repository/com/vladsch/flexmark/flexmark-all/0.34.30/flexmark-all-0.34.30.jar:/Users/jorgelozano/.m2/repository/com/vladsch/flexmark/flexmark/0.34.30/flexmark-0.34.30.jar:/Users/jorgelozano/.m2/repository/com/vladsch/flexmark/flexmark-ext-abbreviation/0.34.30/flexmark-ext-abbreviation-0.34.30.jar:/Users/jorgelozano/.m2/repository/com/vladsch/flexmark/flexmark-ext-admonition/0.34.30/flexmark-ext-admonition-0.34.30.jar:/Users/jorgelozano/.m2/repository/com/vladsch/flexmark/flexmark-ext-anchorlink/0.34.30/flexmark-ext-anchorlink-0.34.30.jar:/Users/jorgelozano/.m2/repository/com/vladsch/flexmark/flexmark-ext-aside/0.34.30/flexmark-ext-aside-0.34.30.jar:/Users/jorgelozano/.m2/repository/com/vladsch/flexmark/flexmark-ext-attributes/0.34.30/flexmark-ext-attributes-0.34.30.jar:/Users/jorgelozano/.m2/repository/com/vladsch/flexmark/flexmark-ext-autolink/0.34.30/flexmark-ext-autolink-0.34.30.jar:/Users/jorgelozano/.m2/repository/org/nibor/autolink/autolink/0.6.0/autolink-0.6.0.jar:/Users/jorgelozano/.m2/repository/com/vladsch/flexmark/flexmark-ext-definition/0.34.30/flexmark-ext-definition-0.34.30.jar:/Users/jorgelozano/.m2/repository/com/vladsch/flexmark/flexmark-ext-emoji/0.34.30/flexmark-ext-emoji-0.34.30.jar:/Users/jorgelozano/.m2/repository/com/vladsch/flexmark/flexmark-ext-enumerated-reference/0.34.30/flexmark-ext-enumerated-reference-0.34.30.jar:/Users/jorgelozano/.m2/repository/com/vladsch/flexmark/flexmark-ext-escaped-character/0.34.30/flexmark-ext-escaped-character-0.34.30.jar:/Users/jorgelozano/.m2/repository/com/vladsch/flexmark/flexmark-ext-footnotes/0.34.30/flexmark-ext-footnotes-0.34.30.jar:/Users/jorgelozano/.m2/repository/com/vladsch/flexmark/flexmark-ext-gfm-issues/0.34.30/flexmark-ext-gfm-issues-0.34.30.jar:/Users/jorgelozano/.m2/repository/com/vladsch/flexmark/flexmark-ext-gfm-strikethrough/0.34.30/flexmark-ext-gfm-strikethrough-0.34.30.jar:/Users/jorgelozano/.m2/repository/com/vladsch/flexmark/flexmark-ext-gfm-tables/0.34.30/flexmark-ext-gfm-tables-0.34.30.jar:/Users/jorgelozano/.m2/repository/com/vladsch/flexmark/flexmark-ext-gfm-tasklist/0.34.30/flexmark-ext-gfm-tasklist-0.34.30.jar:/Users/jorgelozano/.m2/repository/com/vladsch/flexmark/flexmark-ext-gfm-users/0.34.30/flexmark-ext-gfm-users-0.34.30.jar:/Users/jorgelozano/.m2/repository/com/vladsch/flexmark/flexmark-ext-gitlab/0.34.30/flexmark-ext-gitlab-0.34.30.jar:/Users/jorgelozano/.m2/repository/com/vladsch/flexmark/flexmark-ext-jekyll-front-matter/0.34.30/flexmark-ext-jekyll-front-matter-0.34.30.jar:/Users/jorgelozano/.m2/repository/com/vladsch/flexmark/flexmark-ext-jekyll-tag/0.34.30/flexmark-ext-jekyll-tag-0.34.30.jar:/Users/jorgelozano/.m2/repository/com/vladsch/flexmark/flexmark-ext-media-tags/0.34.30/flexmark-ext-media-tags-0.34.30.jar:/Users/jorgelozano/.m2/repository/com/vladsch/flexmark/flexmark-test-util/0.34.30/flexmark-test-util-0.34.30.jar:/Users/jorgelozano/.m2/repository/com/vladsch/flexmark/flexmark-ext-ins/0.34.30/flexmark-ext-ins-0.34.30.jar:/Users/jorgelozano/.m2/repository/com/vladsch/flexmark/flexmark-ext-xwiki-macros/0.34.30/flexmark-ext-xwiki-macros-0.34.30.jar:/Users/jorgelozano/.m2/repository/com/vladsch/flexmark/flexmark-ext-superscript/0.34.30/flexmark-ext-superscript-0.34.30.jar:/Users/jorgelozano/.m2/repository/com/vladsch/flexmark/flexmark-ext-tables/0.34.30/flexmark-ext-tables-0.34.30.jar:/Users/jorgelozano/.m2/repository/com/vladsch/flexmark/flexmark-ext-toc/0.34.30/flexmark-ext-toc-0.34.30.jar:/Users/jorgelozano/.m2/repository/com/vladsch/flexmark/flexmark-ext-typographic/0.34.30/flexmark-ext-typographic-0.34.30.jar:/Users/jorgelozano/.m2/repository/com/vladsch/flexmark/flexmark-ext-wikilink/0.34.30/flexmark-ext-wikilink-0.34.30.jar:/Users/jorgelozano/.m2/repository/com/vladsch/flexmark/flexmark-ext-yaml-front-matter/0.34.30/flexmark-ext-yaml-front-matter-0.34.30.jar:/Users/jorgelozano/.m2/repository/com/vladsch/flexmark/flexmark-ext-youtube-embedded/0.34.30/flexmark-ext-youtube-embedded-0.34.30.jar:/Users/jorgelozano/.m2/repository/com/vladsch/flexmark/flexmark-formatter/0.34.30/flexmark-formatter-0.34.30.jar:/Users/jorgelozano/.m2/repository/com/vladsch/flexmark/flexmark-html-parser/0.34.30/flexmark-html-parser-0.34.30.jar:/Users/jorgelozano/.m2/repository/com/vladsch/flexmark/flexmark-jira-converter/0.34.30/flexmark-jira-converter-0.34.30.jar:/Users/jorgelozano/.m2/repository/com/vladsch/flexmark/flexmark-pdf-converter/0.34.30/flexmark-pdf-converter-0.34.30.jar:/Users/jorgelozano/.m2/repository/com/openhtmltopdf/openhtmltopdf-core/0.0.1-RC13/openhtmltopdf-core-0.0.1-RC13.jar:/Users/jorgelozano/.m2/repository/com/openhtmltopdf/openhtmltopdf-pdfbox/0.0.1-RC13/openhtmltopdf-pdfbox-0.0.1-RC13.jar:/Users/jorgelozano/.m2/repository/org/apache/pdfbox/pdfbox/2.0.8/pdfbox-2.0.8.jar:/Users/jorgelozano/.m2/repository/org/apache/pdfbox/fontbox/2.0.8/fontbox-2.0.8.jar:/Users/jorgelozano/.m2/repository/org/apache/pdfbox/xmpbox/2.0.8/xmpbox-2.0.8.jar:/Users/jorgelozano/.m2/repository/de/rototor/pdfbox/graphics2d/0.12/graphics2d-0.12.jar:/Users/jorgelozano/.m2/repository/com/openhtmltopdf/openhtmltopdf-rtl-support/0.0.1-RC13/openhtmltopdf-rtl-support-0.0.1-RC13.jar:/Users/jorgelozano/.m2/repository/com/ibm/icu/icu4j/59.1/icu4j-59.1.jar:/Users/jorgelozano/.m2/repository/com/openhtmltopdf/openhtmltopdf-jsoup-dom-converter/0.0.1-RC13/openhtmltopdf-jsoup-dom-converter-0.0.1-RC13.jar:/Users/jorgelozano/.m2/repository/com/vladsch/flexmark/flexmark-profile-pegdown/0.34.30/flexmark-profile-pegdown-0.34.30.jar:/Users/jorgelozano/.m2/repository/com/vladsch/flexmark/flexmark-util/0.34.30/flexmark-util-0.34.30.jar:/Users/jorgelozano/.m2/repository/com/vladsch/flexmark/flexmark-youtrack-converter/0.34.30/flexmark-youtrack-converter-0.34.30.jar:/Users/jorgelozano/.m2/repository/net/serenity-bdd/serenity-junit/2.0.81/serenity-junit-2.0.81.jar:/Users/jorgelozano/.m2/repository/net/serenity-bdd/serenity-cucumber/1.9.45/serenity-cucumber-1.9.45.jar:/Users/jorgelozano/.m2/repository/net/serenity-bdd/serenity-screenplay/2.0.64/serenity-screenplay-2.0.64.jar:/Users/jorgelozano/.m2/repository/uk/com/robust-it/cloning/1.9.10/cloning-1.9.10.jar:/Users/jorgelozano/.m2/repository/net/serenity-bdd/serenity-screenplay-webdriver/2.0.64/serenity-screenplay-webdriver-2.0.64.jar:/Users/jorgelozano/.m2/repository/io/cucumber/cucumber-java/2.4.0/cucumber-java-2.4.0.jar:/Users/jorgelozano/.m2/repository/io/cucumber/cucumber-junit/2.4.0/cucumber-junit-2.4.0.jar:/Users/jorgelozano/.m2/repository/org/apache/commons/commons-csv/1.5/commons-csv-1.5.jar:/Users/jorgelozano/.m2/repository/org/apache/poi/poi/4.1.1/poi-4.1.1.jar:/Users/jorgelozano/.m2/repository/org/apache/commons/commons-collections4/4.4/commons-collections4-4.4.jar:/Users/jorgelozano/.m2/repository/org/apache/commons/commons-math3/3.6.1/commons-math3-3.6.1.jar:/Users/jorgelozano/.m2/repository/org/apache/poi/poi-ooxml/4.1.1/poi-ooxml-4.1.1.jar:/Users/jorgelozano/.m2/repository/org/apache/commons/commons-compress/1.19/commons-compress-1.19.jar:/Users/jorgelozano/.m2/repository/com/github/virtuald/curvesapi/1.06/curvesapi-1.06.jar:/Users/jorgelozano/.m2/repository/dom4j/dom4j/1.6.1/dom4j-1.6.1.jar:/Users/jorgelozano/.m2/repository/org/apache/xmlbeans/xmlbeans/3.1.0/xmlbeans-3.1.0.jar:/Users/jorgelozano/.m2/repository/org/apache/poi/poi-ooxml-schemas/4.1.1/poi-ooxml-schemas-4.1.1.jar:"/>
    <property name="java.vm.vendor" value="Eclipse Foundation"/>
    <property name="sun.arch.data.model" value="64"/>
    <property name="java.vendor.url" value="https://adoptium.net/"/>
    <property name="user.timezone" value="America/Bogota"/>
    <property name="java.vm.specification.version" value="11"/>
    <property name="os.name" value="Mac OS X"/>
    <property name="sun.java.launcher" value="SUN_STANDARD"/>
    <property name="user.country" value="CO"/>
    <property name="sun.boot.library.path" value="/Library/Java/JavaVirtualMachines/temurin-11.jdk/Contents/Home/lib"/>
    <property name="sun.java.command" value="/Users/jorgelozano/Documents/Automation/SerenityBDD/target/surefire/surefirebooter13601294043942562868.jar /Users/jorgelozano/Documents/Automation/SerenityBDD/target/surefire 2021-11-03T19-03-09_593-jvmRun1 surefire17222935295187585915tmp surefire_010363343888898633897tmp"/>
    <property name="http.nonProxyHosts" value="local|*.local|169.254/16|*.169.254/16"/>
    <property name="jdk.debug" value="release"/>
    <property name="surefire.test.class.path" value="/Users/jorgelozano/Documents/Automation/SerenityBDD/target/test-classes:/Users/jorgelozano/Documents/Automation/SerenityBDD/target/SerenityBDD-1.0-SNAPSHOT.jar:/Users/jorgelozano/.m2/repository/org/slf4j/slf4j-simple/1.7.30/slf4j-simple-1.7.30.jar:/Users/jorgelozano/.m2/repository/org/slf4j/slf4j-api/1.7.30/slf4j-api-1.7.30.jar:/Users/jorgelozano/.m2/repository/net/serenity-bdd/serenity-core/2.0.81/serenity-core-2.0.81.jar:/Users/jorgelozano/.m2/repository/net/bytebuddy/byte-buddy/1.10.1/byte-buddy-1.10.1.jar:/Users/jorgelozano/.m2/repository/net/bytebuddy/byte-buddy-agent/1.10.1/byte-buddy-agent-1.10.1.jar:/Users/jorgelozano/.m2/repository/com/google/guava/guava/25.0-jre/guava-25.0-jre.jar:/Users/jorgelozano/.m2/repository/com/google/code/findbugs/jsr305/1.3.9/jsr305-1.3.9.jar:/Users/jorgelozano/.m2/repository/org/checkerframework/checker-compat-qual/2.0.0/checker-compat-qual-2.0.0.jar:/Users/jorgelozano/.m2/repository/com/google/errorprone/error_prone_annotations/2.1.3/error_prone_annotations-2.1.3.jar:/Users/jorgelozano/.m2/repository/com/google/j2objc/j2objc-annotations/1.1/j2objc-annotations-1.1.jar:/Users/jorgelozano/.m2/repository/org/codehaus/mojo/animal-sniffer-annotations/1.14/animal-sniffer-annotations-1.14.jar:/Users/jorgelozano/.m2/repository/com/google/inject/guice/4.2.2/guice-4.2.2.jar:/Users/jorgelozano/.m2/repository/javax/inject/javax.inject/1/javax.inject-1.jar:/Users/jorgelozano/.m2/repository/aopalliance/aopalliance/1.0/aopalliance-1.0.jar:/Users/jorgelozano/.m2/repository/cglib/cglib/3.3.0/cglib-3.3.0.jar:/Users/jorgelozano/.m2/repository/org/ow2/asm/asm/7.2/asm-7.2.jar:/Users/jorgelozano/.m2/repository/commons-codec/commons-codec/1.10/commons-codec-1.10.jar:/Users/jorgelozano/.m2/repository/org/objenesis/objenesis/3.0.1/objenesis-3.0.1.jar:/Users/jorgelozano/.m2/repository/xml-apis/xml-apis/1.4.01/xml-apis-1.4.01.jar:/Users/jorgelozano/.m2/repository/io/cucumber/cucumber-core/2.4.0/cucumber-core-2.4.0.jar:/Users/jorgelozano/.m2/repository/info/cukes/cucumber-html/0.2.6/cucumber-html-0.2.6.jar:/Users/jorgelozano/.m2/repository/io/cucumber/cucumber-jvm-deps/1.0.6/cucumber-jvm-deps-1.0.6.jar:/Users/jorgelozano/.m2/repository/io/cucumber/gherkin/5.0.0/gherkin-5.0.0.jar:/Users/jorgelozano/.m2/repository/io/cucumber/tag-expressions/1.1.1/tag-expressions-1.1.1.jar:/Users/jorgelozano/.m2/repository/commons-logging/commons-logging/1.2/commons-logging-1.2.jar:/Users/jorgelozano/.m2/repository/junit/junit/4.12/junit-4.12.jar:/Users/jorgelozano/.m2/repository/io/vavr/vavr/0.9.0/vavr-0.9.0.jar:/Users/jorgelozano/.m2/repository/io/vavr/vavr-match/0.9.0/vavr-match-0.9.0.jar:/Users/jorgelozano/.m2/repository/javax/xml/bind/jaxb-api/2.2.12/jaxb-api-2.2.12.jar:/Users/jorgelozano/.m2/repository/com/sun/xml/bind/jaxb-core/2.3.0.1/jaxb-core-2.3.0.1.jar:/Users/jorgelozano/.m2/repository/com/sun/xml/bind/jaxb-impl/2.3.0.1/jaxb-impl-2.3.0.1.jar:/Users/jorgelozano/.m2/repository/javax/activation/activation/1.1.1/activation-1.1.1.jar:/Users/jorgelozano/.m2/repository/org/mockito/mockito-core/3.1.0/mockito-core-3.1.0.jar:/Users/jorgelozano/.m2/repository/net/serenity-bdd/serenity-report-resources/2.0.81/serenity-report-resources-2.0.81.jar:/Users/jorgelozano/.m2/repository/net/serenity-bdd/serenity-model/2.0.81/serenity-model-2.0.81.jar:/Users/jorgelozano/.m2/repository/commons-net/commons-net/3.6/commons-net-3.6.jar:/Users/jorgelozano/.m2/repository/org/apache/commons/commons-text/1.6/commons-text-1.6.jar:/Users/jorgelozano/.m2/repository/es/nitaur/markdown/txtmark/0.16/txtmark-0.16.jar:/Users/jorgelozano/.m2/repository/net/serenity-bdd/serenity-reports/2.0.81/serenity-reports-2.0.81.jar:/Users/jorgelozano/.m2/repository/net/serenity-bdd/serenity-stats/2.0.81/serenity-stats-2.0.81.jar:/Users/jorgelozano/.m2/repository/org/jetbrains/kotlin/kotlin-stdlib/1.3.31/kotlin-stdlib-1.3.31.jar:/Users/jorgelozano/.m2/repository/org/jetbrains/kotlin/kotlin-stdlib-common/1.3.31/kotlin-stdlib-common-1.3.31.jar:/Users/jorgelozano/.m2/repository/org/jetbrains/annotations/13.0/annotations-13.0.jar:/Users/jorgelozano/.m2/repository/com/google/code/gson/gson/2.8.4/gson-2.8.4.jar:/Users/jorgelozano/.m2/repository/commons-io/commons-io/2.6/commons-io-2.6.jar:/Users/jorgelozano/.m2/repository/org/seleniumhq/selenium/selenium-server/3.141.59/selenium-server-3.141.59.jar:/Users/jorgelozano/.m2/repository/org/seleniumhq/selenium/selenium-firefox-driver/3.141.59/selenium-firefox-driver-3.141.59.jar:/Users/jorgelozano/.m2/repository/org/seleniumhq/selenium/selenium-ie-driver/3.141.59/selenium-ie-driver-3.141.59.jar:/Users/jorgelozano/.m2/repository/com/beust/jcommander/1.72/jcommander-1.72.jar:/Users/jorgelozano/.m2/repository/org/apache/commons/commons-exec/1.3/commons-exec-1.3.jar:/Users/jorgelozano/.m2/repository/net/jcip/jcip-annotations/1.0/jcip-annotations-1.0.jar:/Users/jorgelozano/.m2/repository/org/seleniumhq/selenium/jetty-repacked/9.4.12.v20180830/jetty-repacked-9.4.12.v20180830.jar:/Users/jorgelozano/.m2/repository/com/squareup/okhttp3/okhttp/3.11.0/okhttp-3.11.0.jar:/Users/jorgelozano/.m2/repository/com/squareup/okio/okio/1.14.0/okio-1.14.0.jar:/Users/jorgelozano/.m2/repository/javax/servlet/javax.servlet-api/3.1.0/javax.servlet-api-3.1.0.jar:/Users/jorgelozano/.m2/repository/org/yaml/snakeyaml/1.19/snakeyaml-1.19.jar:/Users/jorgelozano/.m2/repository/org/seleniumhq/selenium/selenium-java/3.141.59/selenium-java-3.141.59.jar:/Users/jorgelozano/.m2/repository/org/seleniumhq/selenium/selenium-api/3.141.59/selenium-api-3.141.59.jar:/Users/jorgelozano/.m2/repository/org/seleniumhq/selenium/selenium-chrome-driver/3.141.59/selenium-chrome-driver-3.141.59.jar:/Users/jorgelozano/.m2/repository/org/seleniumhq/selenium/selenium-edge-driver/3.141.59/selenium-edge-driver-3.141.59.jar:/Users/jorgelozano/.m2/repository/org/seleniumhq/selenium/selenium-remote-driver/3.141.59/selenium-remote-driver-3.141.59.jar:/Users/jorgelozano/.m2/repository/org/seleniumhq/selenium/selenium-safari-driver/3.141.59/selenium-safari-driver-3.141.59.jar:/Users/jorgelozano/.m2/repository/org/seleniumhq/selenium/selenium-opera-driver/3.141.59/selenium-opera-driver-3.141.59.jar:/Users/jorgelozano/.m2/repository/org/seleniumhq/selenium/selenium-support/3.141.59/selenium-support-3.141.59.jar:/Users/jorgelozano/.m2/repository/com/paulhammant/ngwebdriver/1.1.4/ngwebdriver-1.1.4.jar:/Users/jorgelozano/.m2/repository/com/codeborne/phantomjsdriver/1.4.4/phantomjsdriver-1.4.4.jar:/Users/jorgelozano/.m2/repository/org/seleniumhq/selenium/htmlunit-driver/2.36.0/htmlunit-driver-2.36.0.jar:/Users/jorgelozano/.m2/repository/io/appium/java-client/7.2.0/java-client-7.2.0.jar:/Users/jorgelozano/.m2/repository/commons-validator/commons-validator/1.6/commons-validator-1.6.jar:/Users/jorgelozano/.m2/repository/commons-beanutils/commons-beanutils/1.9.2/commons-beanutils-1.9.2.jar:/Users/jorgelozano/.m2/repository/commons-digester/commons-digester/1.8.1/commons-digester-1.8.1.jar:/Users/jorgelozano/.m2/repository/org/aspectj/aspectjweaver/1.9.4/aspectjweaver-1.9.4.jar:/Users/jorgelozano/.m2/repository/org/springframework/spring-context-support/5.1.2.RELEASE/spring-context-support-5.1.2.RELEASE.jar:/Users/jorgelozano/.m2/repository/org/springframework/spring-beans/5.1.2.RELEASE/spring-beans-5.1.2.RELEASE.jar:/Users/jorgelozano/.m2/repository/org/springframework/spring-context/5.1.2.RELEASE/spring-context-5.1.2.RELEASE.jar:/Users/jorgelozano/.m2/repository/org/springframework/spring-aop/5.1.2.RELEASE/spring-aop-5.1.2.RELEASE.jar:/Users/jorgelozano/.m2/repository/org/springframework/spring-expression/5.1.2.RELEASE/spring-expression-5.1.2.RELEASE.jar:/Users/jorgelozano/.m2/repository/org/springframework/spring-core/5.1.2.RELEASE/spring-core-5.1.2.RELEASE.jar:/Users/jorgelozano/.m2/repository/org/springframework/spring-jcl/5.1.2.RELEASE/spring-jcl-5.1.2.RELEASE.jar:/Users/jorgelozano/.m2/repository/org/codehaus/groovy/groovy/2.5.5/groovy-2.5.5.jar:/Users/jorgelozano/.m2/repository/net/sf/opencsv/opencsv/2.0/opencsv-2.0.jar:/Users/jorgelozano/.m2/repository/commons-beanutils/commons-beanutils-core/1.8.3/commons-beanutils-core-1.8.3.jar:/Users/jorgelozano/.m2/repository/joda-time/joda-time/2.7/joda-time-2.7.jar:/Users/jorgelozano/.m2/repository/com/thoughtworks/xstream/xstream/1.4.9/xstream-1.4.9.jar:/Users/jorgelozano/.m2/repository/xmlpull/xmlpull/1.1.3.1/xmlpull-1.1.3.1.jar:/Users/jorgelozano/.m2/repository/xpp3/xpp3_min/1.1.4c/xpp3_min-1.1.4c.jar:/Users/jorgelozano/.m2/repository/org/apache/commons/commons-lang3/3.8.1/commons-lang3-3.8.1.jar:/Users/jorgelozano/.m2/repository/commons-collections/commons-collections/3.2.2/commons-collections-3.2.2.jar:/Users/jorgelozano/.m2/repository/org/freemarker/freemarker/2.3.28/freemarker-2.3.28.jar:/Users/jorgelozano/.m2/repository/net/sourceforge/jexcelapi/jxl/2.6.12/jxl-2.6.12.jar:/Users/jorgelozano/.m2/repository/org/hamcrest/hamcrest-core/1.3/hamcrest-core-1.3.jar:/Users/jorgelozano/.m2/repository/org/hamcrest/hamcrest-library/1.3/hamcrest-library-1.3.jar:/Users/jorgelozano/.m2/repository/net/sourceforge/htmlunit/htmlunit/2.36.0/htmlunit-2.36.0.jar:/Users/jorgelozano/.m2/repository/net/sourceforge/htmlunit/htmlunit-core-js/2.36.0/htmlunit-core-js-2.36.0.jar:/Users/jorgelozano/.m2/repository/net/sourceforge/htmlunit/neko-htmlunit/2.36.0/neko-htmlunit-2.36.0.jar:/Users/jorgelozano/.m2/repository/xerces/xercesImpl/2.12.0/xercesImpl-2.12.0.jar:/Users/jorgelozano/.m2/repository/net/sourceforge/htmlunit/htmlunit-cssparser/1.5.0/htmlunit-cssparser-1.5.0.jar:/Users/jorgelozano/.m2/repository/org/brotli/dec/0.1.2/dec-0.1.2.jar:/Users/jorgelozano/.m2/repository/org/eclipse/jetty/websocket/websocket-client/9.4.20.v20190813/websocket-client-9.4.20.v20190813.jar:/Users/jorgelozano/.m2/repository/org/eclipse/jetty/jetty-client/9.4.20.v20190813/jetty-client-9.4.20.v20190813.jar:/Users/jorgelozano/.m2/repository/org/eclipse/jetty/jetty-http/9.4.20.v20190813/jetty-http-9.4.20.v20190813.jar:/Users/jorgelozano/.m2/repository/org/eclipse/jetty/jetty-xml/9.4.20.v20190813/jetty-xml-9.4.20.v20190813.jar:/Users/jorgelozano/.m2/repository/org/eclipse/jetty/jetty-util/9.4.20.v20190813/jetty-util-9.4.20.v20190813.jar:/Users/jorgelozano/.m2/repository/org/eclipse/jetty/jetty-io/9.4.20.v20190813/jetty-io-9.4.20.v20190813.jar:/Users/jorgelozano/.m2/repository/org/eclipse/jetty/websocket/websocket-common/9.4.20.v20190813/websocket-common-9.4.20.v20190813.jar:/Users/jorgelozano/.m2/repository/org/eclipse/jetty/websocket/websocket-api/9.4.20.v20190813/websocket-api-9.4.20.v20190813.jar:/Users/jorgelozano/.m2/repository/org/apache/httpcomponents/httpclient/4.5.5/httpclient-4.5.5.jar:/Users/jorgelozano/.m2/repository/org/apache/httpcomponents/httpcore/4.4.9/httpcore-4.4.9.jar:/Users/jorgelozano/.m2/repository/org/apache/httpcomponents/httpmime/4.5.5/httpmime-4.5.5.jar:/Users/jorgelozano/.m2/repository/org/fluentlenium/fluentlenium-core/0.10.2/fluentlenium-core-0.10.2.jar:/Users/jorgelozano/.m2/repository/com/jhlabs/filters/2.0.235/filters-2.0.235.jar:/Users/jorgelozano/.m2/repository/org/asciidoctor/asciidoctorj/1.5.6/asciidoctorj-1.5.6.jar:/Users/jorgelozano/.m2/repository/org/jruby/jruby-complete/1.7.26/jruby-complete-1.7.26.jar:/Users/jorgelozano/.m2/repository/org/imgscalr/imgscalr-lib/4.2/imgscalr-lib-4.2.jar:/Users/jorgelozano/.m2/repository/javax/el/javax.el-api/2.2.4/javax.el-api-2.2.4.jar:/Users/jorgelozano/.m2/repository/org/glassfish/web/javax.el/2.2.4/javax.el-2.2.4.jar:/Users/jorgelozano/.m2/repository/xalan/xalan/2.7.2/xalan-2.7.2.jar:/Users/jorgelozano/.m2/repository/xalan/serializer/2.7.2/serializer-2.7.2.jar:/Users/jorgelozano/.m2/repository/org/awaitility/awaitility/4.0.1/awaitility-4.0.1.jar:/Users/jorgelozano/.m2/repository/org/hamcrest/hamcrest/2.1/hamcrest-2.1.jar:/Users/jorgelozano/.m2/repository/com/typesafe/config/1.3.1/config-1.3.1.jar:/Users/jorgelozano/.m2/repository/org/jsoup/jsoup/1.10.3/jsoup-1.10.3.jar:/Users/jorgelozano/.m2/repository/com/google/jimfs/jimfs/1.1/jimfs-1.1.jar:/Users/jorgelozano/.m2/repository/com/vladsch/flexmark/flexmark-all/0.34.30/flexmark-all-0.34.30.jar:/Users/jorgelozano/.m2/repository/com/vladsch/flexmark/flexmark/0.34.30/flexmark-0.34.30.jar:/Users/jorgelozano/.m2/repository/com/vladsch/flexmark/flexmark-ext-abbreviation/0.34.30/flexmark-ext-abbreviation-0.34.30.jar:/Users/jorgelozano/.m2/repository/com/vladsch/flexmark/flexmark-ext-admonition/0.34.30/flexmark-ext-admonition-0.34.30.jar:/Users/jorgelozano/.m2/repository/com/vladsch/flexmark/flexmark-ext-anchorlink/0.34.30/flexmark-ext-anchorlink-0.34.30.jar:/Users/jorgelozano/.m2/repository/com/vladsch/flexmark/flexmark-ext-aside/0.34.30/flexmark-ext-aside-0.34.30.jar:/Users/jorgelozano/.m2/repository/com/vladsch/flexmark/flexmark-ext-attributes/0.34.30/flexmark-ext-attributes-0.34.30.jar:/Users/jorgelozano/.m2/repository/com/vladsch/flexmark/flexmark-ext-autolink/0.34.30/flexmark-ext-autolink-0.34.30.jar:/Users/jorgelozano/.m2/repository/org/nibor/autolink/autolink/0.6.0/autolink-0.6.0.jar:/Users/jorgelozano/.m2/repository/com/vladsch/flexmark/flexmark-ext-definition/0.34.30/flexmark-ext-definition-0.34.30.jar:/Users/jorgelozano/.m2/repository/com/vladsch/flexmark/flexmark-ext-emoji/0.34.30/flexmark-ext-emoji-0.34.30.jar:/Users/jorgelozano/.m2/repository/com/vladsch/flexmark/flexmark-ext-enumerated-reference/0.34.30/flexmark-ext-enumerated-reference-0.34.30.jar:/Users/jorgelozano/.m2/repository/com/vladsch/flexmark/flexmark-ext-escaped-character/0.34.30/flexmark-ext-escaped-character-0.34.30.jar:/Users/jorgelozano/.m2/repository/com/vladsch/flexmark/flexmark-ext-footnotes/0.34.30/flexmark-ext-footnotes-0.34.30.jar:/Users/jorgelozano/.m2/repository/com/vladsch/flexmark/flexmark-ext-gfm-issues/0.34.30/flexmark-ext-gfm-issues-0.34.30.jar:/Users/jorgelozano/.m2/repository/com/vladsch/flexmark/flexmark-ext-gfm-strikethrough/0.34.30/flexmark-ext-gfm-strikethrough-0.34.30.jar:/Users/jorgelozano/.m2/repository/com/vladsch/flexmark/flexmark-ext-gfm-tables/0.34.30/flexmark-ext-gfm-tables-0.34.30.jar:/Users/jorgelozano/.m2/repository/com/vladsch/flexmark/flexmark-ext-gfm-tasklist/0.34.30/flexmark-ext-gfm-tasklist-0.34.30.jar:/Users/jorgelozano/.m2/repository/com/vladsch/flexmark/flexmark-ext-gfm-users/0.34.30/flexmark-ext-gfm-users-0.34.30.jar:/Users/jorgelozano/.m2/repository/com/vladsch/flexmark/flexmark-ext-gitlab/0.34.30/flexmark-ext-gitlab-0.34.30.jar:/Users/jorgelozano/.m2/repository/com/vladsch/flexmark/flexmark-ext-jekyll-front-matter/0.34.30/flexmark-ext-jekyll-front-matter-0.34.30.jar:/Users/jorgelozano/.m2/repository/com/vladsch/flexmark/flexmark-ext-jekyll-tag/0.34.30/flexmark-ext-jekyll-tag-0.34.30.jar:/Users/jorgelozano/.m2/repository/com/vladsch/flexmark/flexmark-ext-media-tags/0.34.30/flexmark-ext-media-tags-0.34.30.jar:/Users/jorgelozano/.m2/repository/com/vladsch/flexmark/flexmark-test-util/0.34.30/flexmark-test-util-0.34.30.jar:/Users/jorgelozano/.m2/repository/com/vladsch/flexmark/flexmark-ext-ins/0.34.30/flexmark-ext-ins-0.34.30.jar:/Users/jorgelozano/.m2/repository/com/vladsch/flexmark/flexmark-ext-xwiki-macros/0.34.30/flexmark-ext-xwiki-macros-0.34.30.jar:/Users/jorgelozano/.m2/repository/com/vladsch/flexmark/flexmark-ext-superscript/0.34.30/flexmark-ext-superscript-0.34.30.jar:/Users/jorgelozano/.m2/repository/com/vladsch/flexmark/flexmark-ext-tables/0.34.30/flexmark-ext-tables-0.34.30.jar:/Users/jorgelozano/.m2/repository/com/vladsch/flexmark/flexmark-ext-toc/0.34.30/flexmark-ext-toc-0.34.30.jar:/Users/jorgelozano/.m2/repository/com/vladsch/flexmark/flexmark-ext-typographic/0.34.30/flexmark-ext-typographic-0.34.30.jar:/Users/jorgelozano/.m2/repository/com/vladsch/flexmark/flexmark-ext-wikilink/0.34.30/flexmark-ext-wikilink-0.34.30.jar:/Users/jorgelozano/.m2/repository/com/vladsch/flexmark/flexmark-ext-yaml-front-matter/0.34.30/flexmark-ext-yaml-front-matter-0.34.30.jar:/Users/jorgelozano/.m2/repository/com/vladsch/flexmark/flexmark-ext-youtube-embedded/0.34.30/flexmark-ext-youtube-embedded-0.34.30.jar:/Users/jorgelozano/.m2/repository/com/vladsch/flexmark/flexmark-formatter/0.34.30/flexmark-formatter-0.34.30.jar:/Users/jorgelozano/.m2/repository/com/vladsch/flexmark/flexmark-html-parser/0.34.30/flexmark-html-parser-0.34.30.jar:/Users/jorgelozano/.m2/repository/com/vladsch/flexmark/flexmark-jira-converter/0.34.30/flexmark-jira-converter-0.34.30.jar:/Users/jorgelozano/.m2/repository/com/vladsch/flexmark/flexmark-pdf-converter/0.34.30/flexmark-pdf-converter-0.34.30.jar:/Users/jorgelozano/.m2/repository/com/openhtmltopdf/openhtmltopdf-core/0.0.1-RC13/openhtmltopdf-core-0.0.1-RC13.jar:/Users/jorgelozano/.m2/repository/com/openhtmltopdf/openhtmltopdf-pdfbox/0.0.1-RC13/openhtmltopdf-pdfbox-0.0.1-RC13.jar:/Users/jorgelozano/.m2/repository/org/apache/pdfbox/pdfbox/2.0.8/pdfbox-2.0.8.jar:/Users/jorgelozano/.m2/repository/org/apache/pdfbox/fontbox/2.0.8/fontbox-2.0.8.jar:/Users/jorgelozano/.m2/repository/org/apache/pdfbox/xmpbox/2.0.8/xmpbox-2.0.8.jar:/Users/jorgelozano/.m2/repository/de/rototor/pdfbox/graphics2d/0.12/graphics2d-0.12.jar:/Users/jorgelozano/.m2/repository/com/openhtmltopdf/openhtmltopdf-rtl-support/0.0.1-RC13/openhtmltopdf-rtl-support-0.0.1-RC13.jar:/Users/jorgelozano/.m2/repository/com/ibm/icu/icu4j/59.1/icu4j-59.1.jar:/Users/jorgelozano/.m2/repository/com/openhtmltopdf/openhtmltopdf-jsoup-dom-converter/0.0.1-RC13/openhtmltopdf-jsoup-dom-converter-0.0.1-RC13.jar:/Users/jorgelozano/.m2/repository/com/vladsch/flexmark/flexmark-profile-pegdown/0.34.30/flexmark-profile-pegdown-0.34.30.jar:/Users/jorgelozano/.m2/repository/com/vladsch/flexmark/flexmark-util/0.34.30/flexmark-util-0.34.30.jar:/Users/jorgelozano/.m2/repository/com/vladsch/flexmark/flexmark-youtrack-converter/0.34.30/flexmark-youtrack-converter-0.34.30.jar:/Users/jorgelozano/.m2/repository/net/serenity-bdd/serenity-junit/2.0.81/serenity-junit-2.0.81.jar:/Users/jorgelozano/.m2/repository/net/serenity-bdd/serenity-cucumber/1.9.45/serenity-cucumber-1.9.45.jar:/Users/jorgelozano/.m2/repository/net/serenity-bdd/serenity-screenplay/2.0.64/serenity-screenplay-2.0.64.jar:/Users/jorgelozano/.m2/repository/uk/com/robust-it/cloning/1.9.10/cloning-1.9.10.jar:/Users/jorgelozano/.m2/repository/net/serenity-bdd/serenity-screenplay-webdriver/2.0.64/serenity-screenplay-webdriver-2.0.64.jar:/Users/jorgelozano/.m2/repository/io/cucumber/cucumber-java/2.4.0/cucumber-java-2.4.0.jar:/Users/jorgelozano/.m2/repository/io/cucumber/cucumber-junit/2.4.0/cucumber-junit-2.4.0.jar:/Users/jorgelozano/.m2/repository/org/apache/commons/commons-csv/1.5/commons-csv-1.5.jar:/Users/jorgelozano/.m2/repository/org/apache/poi/poi/4.1.1/poi-4.1.1.jar:/Users/jorgelozano/.m2/repository/org/apache/commons/commons-collections4/4.4/commons-collections4-4.4.jar:/Users/jorgelozano/.m2/repository/org/apache/commons/commons-math3/3.6.1/commons-math3-3.6.1.jar:/Users/jorgelozano/.m2/repository/org/apache/poi/poi-ooxml/4.1.1/poi-ooxml-4.1.1.jar:/Users/jorgelozano/.m2/repository/org/apache/commons/commons-compress/1.19/commons-compress-1.19.jar:/Users/jorgelozano/.m2/repository/com/github/virtuald/curvesapi/1.06/curvesapi-1.06.jar:/Users/jorgelozano/.m2/repository/dom4j/dom4j/1.6.1/dom4j-1.6.1.jar:/Users/jorgelozano/.m2/repository/org/apache/xmlbeans/xmlbeans/3.1.0/xmlbeans-3.1.0.jar:/Users/jorgelozano/.m2/repository/org/apache/poi/poi-ooxml-schemas/4.1.1/poi-ooxml-schemas-4.1.1.jar:"/>
    <property name="sun.cpu.endian" value="little"/>
    <property name="user.home" value="/Users/jorgelozano"/>
    <property name="user.language" value="es"/>
    <property name="java.specification.vendor" value="Oracle Corporation"/>
    <property name="java.version.date" value="2021-07-20"/>
    <property name="java.home" value="/Library/Java/JavaVirtualMachines/temurin-11.jdk/Contents/Home"/>
    <property name="file.separator" value="/"/>
    <property name="basedir" value="/Users/jorgelozano/Documents/Automation/SerenityBDD"/>
    <property name="java.vm.compressedOopsMode" value="Zero based"/>
    <property name="line.separator" value="&#10;"/>
    <property name="java.specification.name" value="Java Platform API Specification"/>
    <property name="java.vm.specification.vendor" value="Oracle Corporation"/>
    <property name="java.awt.graphicsenv" value="sun.awt.CGraphicsEnvironment"/>
    <property name="surefire.real.class.path" value="/Users/jorgelozano/Documents/Automation/SerenityBDD/target/surefire/surefirebooter13601294043942562868.jar"/>
    <property name="sun.management.compiler" value="HotSpot 64-Bit Tiered Compilers"/>
    <property name="ftp.nonProxyHosts" value="local|*.local|169.254/16|*.169.254/16"/>
    <property name="java.runtime.version" value="11.0.12+7"/>
    <property name="user.name" value="jorgelozano"/>
    <property name="path.separator" value=":"/>
    <property name="os.version" value="11.5"/>
    <property name="java.runtime.name" value="OpenJDK Runtime Environment"/>
    <property name="file.encoding" value="US-ASCII"/>
    <property name="java.vm.name" value="OpenJDK 64-Bit Server VM"/>
    <property name="java.vendor.version" value="Temurin-11.0.12+7"/>
    <property name="localRepository" value="/Users/jorgelozano/.m2/repository"/>
    <property name="java.vendor.url.bug" value="https://github.com/adoptium/adoptium-support/issues"/>
    <property name="java.io.tmpdir" value="/var/folders/p4/fmc2g_x9213g5ht6fxbsy1zr0000gn/T/"/>
    <property name="idea.version" value="2021.2.3"/>
    <property name="java.version" value="11.0.12"/>
    <property name="user.dir" value="/Users/jorgelozano/Documents/Automation/SerenityBDD"/>
    <property name="os.arch" value="x86_64"/>
    <property name="java.vm.specification.name" value="Java Virtual Machine Specification"/>
    <property name="java.awt.printerjob" value="sun.lwawt.macosx.CPrinterJob"/>
    <property name="sun.os.patch.level" value="unknown"/>
    <property name="java.library.path" value="/Users/jorgelozano/Library/Java/Extensions:/Library/Java/Extensions:/Network/Library/Java/Extensions:/System/Library/Java/Extensions:/usr/lib/java:."/>
    <property name="java.vm.info" value="mixed mode"/>
    <property name="java.vendor" value="Eclipse Foundation"/>
    <property name="java.vm.version" value="11.0.12+7"/>
    <property name="sun.io.unicode.encoding" value="UnicodeBig"/>
    <property name="java.class.version" value="55.0"/>
    <property name="socksNonProxyHosts" value="local|*.local|169.254/16|*.169.254/16"/>
  </properties>
  <testcase name="User create order with menu personalizado" classname="create different orders" time="77.475">
    <error message="Could not instantiate class io.appium.java_client.AppiumDriver" type="net.thucydides.core.webdriver.DriverConfigurationError">net.thucydides.core.webdriver.DriverConfigurationError: Could not instantiate class io.appium.java_client.AppiumDriver
Caused by: net.thucydides.core.webdriver.DriverConfigurationError: 
Could not instantiate new WebDriver instance of type class io.appium.java_client.AppiumDriver (Unable to create a new remote session. Original error: Failed to connect to /127.0.0.0:4723
Build info: version: '3.141.59', revision: 'e82be7d358', time: '2018-11-14T08:17:03'
System info: host: 'mbp-de-jorge', ip: 'fe80:0:0:0:cba:f85:ccfd:cb45%en0', os.name: 'Mac OS X', os.arch: 'x86_64', os.version: '11.5', java.version: '11.0.12'
Driver info: driver.version: RemoteDriver). See below for more details.
Caused by: org.openqa.selenium.SessionNotCreatedException: 
Unable to create a new remote session. Original error: Failed to connect to /127.0.0.0:4723
Build info: version: '3.141.59', revision: 'e82be7d358', time: '2018-11-14T08:17:03'
System info: host: 'mbp-de-jorge', ip: 'fe80:0:0:0:cba:f85:ccfd:cb45%en0', os.name: 'Mac OS X', os.arch: 'x86_64', os.version: '11.5', java.version: '11.0.12'
Driver info: driver.version: RemoteDriver
Caused by: java.lang.reflect.InvocationTargetException
Caused by: java.net.ConnectException: Failed to connect to /127.0.0.0:4723
Caused by: java.net.ConnectException: Operation timed out (Connection timed out)
</error>
    <system-out><![CDATA[[main] INFO net.thucydides.core.steps.ConsoleLoggingListener - 

-------------------------------------------------------------------------------------
     _______. _______ .______       _______ .__   __.  __  .___________.____    ____ 
    /       ||   ____||   _  \     |   ____||  \ |  | |  | |           |\   \  /   / 
   |   (----`|  |__   |  |_)  |    |  |__   |   \|  | |  | `---|  |----` \   \/   /  
    \   \    |   __|  |      /     |   __|  |  . `  | |  |     |  |       \_    _/   
.----)   |   |  |____ |  |\  \----.|  |____ |  |\   | |  |     |  |         |  |     
|_______/    |_______|| _| `._____||_______||__| \__| |__|     |__|         |__|    
                                                                                     
 News and tutorials at http://www.serenity-bdd.info                                  
 Documentation at https://wakaleo.gitbooks.io/the-serenity-book/content/             
 Join the Serenity Community on Rocket Chat at https://serenity-bdd.rocket.chat      
 Serenity BDD Support and Training at http://serenity-bdd.info/#/trainingandsupport  
 Learn Serenity BDD online at http://serenity-dojo.com                               
-------------------------------------------------------------------------------------

[main] INFO net.thucydides.core.steps.ConsoleLoggingListener - Test Suite Started: create different orders
[pool-1-thread-1] INFO net.thucydides.core.steps.ConsoleLoggingListener - 
 _____ _____ ____ _____   ____ _____  _    ____ _____ _____ ____  
|_   _| ____/ ___|_   _| / ___|_   _|/ \  |  _ \_   _| ____|  _ \ 
  | | |  _| \___ \ | |   \___ \ | | / _ \ | |_) || | |  _| | | | |
  | | | |___ ___) || |    ___) || |/ ___ \|  _ < | | | |___| |_| |
  |_| |_____|____/ |_|   |____/ |_/_/   \_\_| \_\|_| |_____|____/ 
                                                                  

TEST STARTED: User create order with menu personalizado
-------------------------------------------------------------------(create-different-orders;user-create-order-with-menu-personalizado)
[pool-1-thread-1] INFO net.thucydides.core.steps.ConsoleLoggingListener - 
 _____ _____ ____ _____   ____ _____  _    ____ _____ _____ ____  
|_   _| ____/ ___|_   _| / ___|_   _|/ \  |  _ \_   _| ____|  _ \ 
  | | |  _| \___ \ | |   \___ \ | | / _ \ | |_) || | |  _| | | | |
  | | | |___ ___) || |    ___) || |/ ___ \|  _ < | | | |___| |_| |
  |_| |_____|____/ |_|   |____/ |_/_/   \_\_| \_\|_| |_____|____/ 
                                                                  

TEST STARTED: User non-registered order with menu Fresco
-------------------------------------------------------------------(create-different-orders;user-non-registered-order-with-menu-fresco)

&amp#27;[31mFailed scenarios:&amp#27;[0m
&amp#27;[31msrc/test/java/features/HappyPathMuy.feature:11 &amp#27;[0m# User create order with menu personalizado
&amp#27;[31msrc/test/java/features/HappyPathMuy.feature:12 &amp#27;[0m# User create order with menu personalizado
&amp#27;[31msrc/test/java/features/HappyPathMuy.feature:23 &amp#27;[0m# User non-registered order with menu Fresco

3 Scenarios (&amp#27;[31m3 failed&amp#27;[0m)
11 Steps (&amp#27;[31m2 ambiguous&amp#27;[0m, &amp#27;[36m9 skipped&amp#27;[0m)
3m50,084s

net.thucydides.core.webdriver.DriverConfigurationError: Could not instantiate class io.appium.java_client.AppiumDriver
	at net.thucydides.core.webdriver.WebDriverFacade.newDriverInstance(WebDriverFacade.java:144)
	at net.thucydides.core.webdriver.WebDriverFacade.newProxyDriver(WebDriverFacade.java:132)
	at net.thucydides.core.webdriver.WebDriverFacade.getProxiedDriver(WebDriverFacade.java:102)
	at net.serenitybdd.core.webdriver.RemoteDriver.of(RemoteDriver.java:13)
	at net.thucydides.core.webdriver.appium.AppiumConfiguration.getTargetPlatform(AppiumConfiguration.java:57)
	at net.thucydides.core.webdriver.ElementLocatorFactorySelector.platformFor(ElementLocatorFactorySelector.java:51)
	at net.thucydides.core.webdriver.ElementLocatorFactorySelector.getLocatorFor(ElementLocatorFactorySelector.java:41)
	at net.thucydides.core.webdriver.ElementLocatorFactorySelector.getLocatorFor(ElementLocatorFactorySelector.java:31)
	at net.thucydides.core.annotations.locators.SmartElementProxyCreator.proxyElements(SmartElementProxyCreator.java:21)
	at net.thucydides.core.webdriver.DefaultPageObjectInitialiser.apply(DefaultPageObjectInitialiser.java:19)
	at net.serenitybdd.core.pages.PageObject.setDriver(PageObject.java:166)
	at net.serenitybdd.core.pages.PageObject.setDriver(PageObject.java:170)
	at net.serenitybdd.core.pages.PageObject.<init>(PageObject.java:154)
	at net.serenitybdd.screenplay.abilities.BrowseTheWeb.<init>(BrowseTheWeb.java:31)
	at net.serenitybdd.screenplay.abilities.BrowseTheWeb.with(BrowseTheWeb.java:47)
	at net.serenitybdd.screenplay.actors.OnlineCast.actorNamed(OnlineCast.java:45)
	at net.serenitybdd.screenplay.actors.Stage.lambda$shineSpotlightOn$1(Stage.java:24)
	at java.base/java.util.Optional.orElseGet(Optional.java:369)
	at net.serenitybdd.screenplay.actors.Stage.shineSpotlightOn(Stage.java:24)
	at net.serenitybdd.screenplay.actors.OnStage.theActorCalled(OnStage.java:37)
	at net.serenitybdd.screenplay.actors.OnStage.theActor(OnStage.java:53)
	at Steps.Hook.init(Hook.java:28)
	at java.base/jdk.internal.reflect.NativeMethodAccessorImpl.invoke0(Native Method)
	at java.base/jdk.internal.reflect.NativeMethodAccessorImpl.invoke(NativeMethodAccessorImpl.java:62)
	at java.base/jdk.internal.reflect.DelegatingMethodAccessorImpl.invoke(DelegatingMethodAccessorImpl.java:43)
	at java.base/java.lang.reflect.Method.invoke(Method.java:566)
	at cucumber.runtime.Utils$1.call(Utils.java:31)
	at cucumber.runtime.Timeout.timeout(Timeout.java:16)
	at cucumber.runtime.Utils.invoke(Utils.java:25)
	at cucumber.runtime.java.JavaHookDefinition.execute(JavaHookDefinition.java:60)
	at cucumber.runtime.HookDefinitionMatch.runStep(HookDefinitionMatch.java:17)
	at cucumber.runner.UnskipableStep.executeStep(UnskipableStep.java:22)
	at cucumber.api.TestStep.run(TestStep.java:83)
	at cucumber.api.TestCase.run(TestCase.java:58)
	at cucumber.runner.Runner.runPickle(Runner.java:80)
	at cucumber.runtime.junit.PickleRunners$NoStepDescriptions.run(PickleRunners.java:140)
	at cucumber.runtime.junit.FeatureRunner.runChild(FeatureRunner.java:68)
	at cucumber.runtime.junit.FeatureRunner.runChild(FeatureRunner.java:23)
	at org.junit.runners.ParentRunner$3.run(ParentRunner.java:290)
	at org.junit.runners.ParentRunner$1.schedule(ParentRunner.java:71)
	at org.junit.runners.ParentRunner.runChildren(ParentRunner.java:288)
	at org.junit.runners.ParentRunner.access$000(ParentRunner.java:58)
	at org.junit.runners.ParentRunner$2.evaluate(ParentRunner.java:268)
	at org.junit.runners.ParentRunner.run(ParentRunner.java:363)
	at cucumber.runtime.junit.FeatureRunner.run(FeatureRunner.java:73)
	at cucumber.api.junit.Cucumber.runChild(Cucumber.java:118)
	at cucumber.api.junit.Cucumber.runChild(Cucumber.java:56)
	at org.junit.runners.ParentRunner$3.run(ParentRunner.java:290)
	at org.apache.maven.surefire.junitcore.pc.Scheduler$1.run(Scheduler.java:410)
	at org.apache.maven.surefire.junitcore.pc.InvokerStrategy.schedule(InvokerStrategy.java:54)
	at org.apache.maven.surefire.junitcore.pc.Scheduler.schedule(Scheduler.java:367)
	at org.junit.runners.ParentRunner.runChildren(ParentRunner.java:288)
	at org.junit.runners.ParentRunner.access$000(ParentRunner.java:58)
	at org.junit.runners.ParentRunner$2.evaluate(ParentRunner.java:268)
	at cucumber.api.junit.Cucumber$1.evaluate(Cucumber.java:127)
	at org.junit.runners.ParentRunner.run(ParentRunner.java:363)
	at org.junit.runners.Suite.runChild(Suite.java:128)
	at org.junit.runners.Suite.runChild(Suite.java:27)
	at org.junit.runners.ParentRunner$3.run(ParentRunner.java:290)
	at org.apache.maven.surefire.junitcore.pc.Scheduler$1.run(Scheduler.java:410)
	at java.base/java.util.concurrent.Executors$RunnableAdapter.call(Executors.java:515)
	at java.base/java.util.concurrent.FutureTask.run(FutureTask.java:264)
	at java.base/java.util.concurrent.ThreadPoolExecutor.runWorker(ThreadPoolExecutor.java:1128)
	at java.base/java.util.concurrent.ThreadPoolExecutor$Worker.run(ThreadPoolExecutor.java:628)
	at java.base/java.lang.Thread.run(Thread.java:829)
Caused by: net.thucydides.core.webdriver.DriverConfigurationError: Could not instantiate new WebDriver instance of type class io.appium.java_client.AppiumDriver (Unable to create a new remote session. Original error: Failed to connect to /127.0.0.0:4723
Build info: version: '3.141.59', revision: 'e82be7d358', time: '2018-11-14T08:17:03'
System info: host: 'mbp-de-jorge', ip: 'fe80:0:0:0:cba:f85:ccfd:cb45%en0', os.name: 'Mac OS X', os.arch: 'x86_64', os.version: '11.5', java.version: '11.0.12'
Driver info: driver.version: RemoteDriver). See below for more details.
	at net.thucydides.core.webdriver.WebDriverFactory.newWebdriverInstance(WebDriverFactory.java:158)
	at net.thucydides.core.webdriver.WebDriverFacade.newDriverInstance(WebDriverFacade.java:141)
	... 64 more
Caused by: org.openqa.selenium.SessionNotCreatedException: Unable to create a new remote session. Original error: Failed to connect to /127.0.0.0:4723
Build info: version: '3.141.59', revision: 'e82be7d358', time: '2018-11-14T08:17:03'
System info: host: 'mbp-de-jorge', ip: 'fe80:0:0:0:cba:f85:ccfd:cb45%en0', os.name: 'Mac OS X', os.arch: 'x86_64', os.version: '11.5', java.version: '11.0.12'
Driver info: driver.version: RemoteDriver
	at io.appium.java_client.remote.AppiumCommandExecutor$1.createSession(AppiumCommandExecutor.java:208)
	at io.appium.java_client.remote.AppiumCommandExecutor.createSession(AppiumCommandExecutor.java:217)
	at io.appium.java_client.remote.AppiumCommandExecutor.execute(AppiumCommandExecutor.java:239)
	at org.openqa.selenium.remote.RemoteWebDriver.execute(RemoteWebDriver.java:552)
	at io.appium.java_client.DefaultGenericMobileDriver.execute(DefaultGenericMobileDriver.java:41)
	at io.appium.java_client.AppiumDriver.execute(AppiumDriver.java:1)
	at io.appium.java_client.android.AndroidDriver.execute(AndroidDriver.java:1)
	at org.openqa.selenium.remote.RemoteWebDriver.startSession(RemoteWebDriver.java:213)
	at io.appium.java_client.AppiumDriver.startSession(AppiumDriver.java:323)
	at org.openqa.selenium.remote.RemoteWebDriver.<init>(RemoteWebDriver.java:131)
	at io.appium.java_client.DefaultGenericMobileDriver.<init>(DefaultGenericMobileDriver.java:37)
	at io.appium.java_client.AppiumDriver.<init>(AppiumDriver.java:86)
	at io.appium.java_client.AppiumDriver.<init>(AppiumDriver.java:96)
	at io.appium.java_client.android.AndroidDriver.<init>(AndroidDriver.java:94)
	at net.serenitybdd.core.webdriver.driverproviders.AppiumDriverProvider.newDriverUsingExternalServer(AppiumDriverProvider.java:59)
	at net.serenitybdd.core.webdriver.driverproviders.AppiumDriverProvider.newInstance(AppiumDriverProvider.java:47)
	at net.thucydides.core.webdriver.WebDriverFactory.createWebDriver(WebDriverFactory.java:169)
	at net.thucydides.core.webdriver.WebDriverFactory.newWebdriverInstance(WebDriverFactory.java:150)
	... 65 more
Caused by: java.lang.reflect.InvocationTargetException
	at java.base/jdk.internal.reflect.NativeMethodAccessorImpl.invoke0(Native Method)
	at java.base/jdk.internal.reflect.NativeMethodAccessorImpl.invoke(NativeMethodAccessorImpl.java:62)
	at java.base/jdk.internal.reflect.DelegatingMethodAccessorImpl.invoke(DelegatingMethodAccessorImpl.java:43)
	at java.base/java.lang.reflect.Method.invoke(Method.java:566)
	at io.appium.java_client.remote.AppiumCommandExecutor$1.createSession(AppiumCommandExecutor.java:186)
	... 82 more
Caused by: java.net.ConnectException: Failed to connect to /127.0.0.0:4723
	at okhttp3.internal.connection.RealConnection.connectSocket(RealConnection.java:247)
	at okhttp3.internal.connection.RealConnection.connect(RealConnection.java:165)
	at okhttp3.internal.connection.StreamAllocation.findConnection(StreamAllocation.java:257)
	at okhttp3.internal.connection.StreamAllocation.findHealthyConnection(StreamAllocation.java:135)
	at okhttp3.internal.connection.StreamAllocation.newStream(StreamAllocation.java:114)
	at okhttp3.internal.connection.ConnectInterceptor.intercept(ConnectInterceptor.java:42)
	at okhttp3.internal.http.RealInterceptorChain.proceed(RealInterceptorChain.java:147)
	at okhttp3.internal.http.RealInterceptorChain.proceed(RealInterceptorChain.java:121)
	at okhttp3.internal.cache.CacheInterceptor.intercept(CacheInterceptor.java:93)
	at okhttp3.internal.http.RealInterceptorChain.proceed(RealInterceptorChain.java:147)
	at okhttp3.internal.http.RealInterceptorChain.proceed(RealInterceptorChain.java:121)
	at okhttp3.internal.http.BridgeInterceptor.intercept(BridgeInterceptor.java:93)
	at okhttp3.internal.http.RealInterceptorChain.proceed(RealInterceptorChain.java:147)
	at okhttp3.internal.http.RetryAndFollowUpInterceptor.intercept(RetryAndFollowUpInterceptor.java:126)
	at okhttp3.internal.http.RealInterceptorChain.proceed(RealInterceptorChain.java:147)
	at okhttp3.internal.http.RealInterceptorChain.proceed(RealInterceptorChain.java:121)
	at okhttp3.RealCall.getResponseWithInterceptorChain(RealCall.java:200)
	at okhttp3.RealCall.execute(RealCall.java:77)
	at org.openqa.selenium.remote.internal.OkHttpClient.execute(OkHttpClient.java:103)
	at org.openqa.selenium.remote.ProtocolHandshake.createSession(ProtocolHandshake.java:105)
	... 87 more
Caused by: java.net.ConnectException: Operation timed out (Connection timed out)
	at java.base/java.net.PlainSocketImpl.socketConnect(Native Method)
	at java.base/java.net.AbstractPlainSocketImpl.doConnect(AbstractPlainSocketImpl.java:399)
	at java.base/java.net.AbstractPlainSocketImpl.connectToAddress(AbstractPlainSocketImpl.java:242)
	at java.base/java.net.AbstractPlainSocketImpl.connect(AbstractPlainSocketImpl.java:224)
	at java.base/java.net.SocksSocketImpl.connect(SocksSocketImpl.java:392)
	at java.base/java.net.Socket.connect(Socket.java:609)
	at okhttp3.internal.platform.Platform.connectSocket(Platform.java:129)
	at okhttp3.internal.connection.RealConnection.connectSocket(RealConnection.java:245)
	... 106 more

cucumber.runtime.AmbiguousStepDefinitionsException: "User login into application with 3005302178 and select his Para llevar, the Pecado, his personalizado with Gran Pecado" matches more than one step definition:
  "^User login into application with (.+) and select his (.+), the (.+), his (.+) with (.+)$" in HappyPath.user_login_into_application_with_and_select_his_the_his_with(String,String,String,String,String)
  "^User login into application with (.+)$" in EndToEnd1.user_login_into_application_with(String)

	at cucumber.runtime.RuntimeGlue.stepDefinitionMatch(RuntimeGlue.java:80)
	at cucumber.runner.Runner.addTestStepsForPickleSteps(Runner.java:111)
	at cucumber.runner.Runner.createTestCaseForPickle(Runner.java:99)
	at cucumber.runner.Runner.runPickle(Runner.java:79)
	at cucumber.runtime.junit.PickleRunners$NoStepDescriptions.run(PickleRunners.java:140)
	at cucumber.runtime.junit.FeatureRunner.runChild(FeatureRunner.java:68)
	at cucumber.runtime.junit.FeatureRunner.runChild(FeatureRunner.java:23)
	at org.junit.runners.ParentRunner$3.run(ParentRunner.java:290)
	at org.junit.runners.ParentRunner$1.schedule(ParentRunner.java:71)
	at org.junit.runners.ParentRunner.runChildren(ParentRunner.java:288)
	at org.junit.runners.ParentRunner.access$000(ParentRunner.java:58)
	at org.junit.runners.ParentRunner$2.evaluate(ParentRunner.java:268)
	at org.junit.runners.ParentRunner.run(ParentRunner.java:363)
	at cucumber.runtime.junit.FeatureRunner.run(FeatureRunner.java:73)
	at cucumber.api.junit.Cucumber.runChild(Cucumber.java:118)
	at cucumber.api.junit.Cucumber.runChild(Cucumber.java:56)
	at org.junit.runners.ParentRunner$3.run(ParentRunner.java:290)
	at org.apache.maven.surefire.junitcore.pc.Scheduler$1.run(Scheduler.java:410)
	at org.apache.maven.surefire.junitcore.pc.InvokerStrategy.schedule(InvokerStrategy.java:54)
	at org.apache.maven.surefire.junitcore.pc.Scheduler.schedule(Scheduler.java:367)
	at org.junit.runners.ParentRunner.runChildren(ParentRunner.java:288)
	at org.junit.runners.ParentRunner.access$000(ParentRunner.java:58)
	at org.junit.runners.ParentRunner$2.evaluate(ParentRunner.java:268)
	at cucumber.api.junit.Cucumber$1.evaluate(Cucumber.java:127)
	at org.junit.runners.ParentRunner.run(ParentRunner.java:363)
	at org.junit.runners.Suite.runChild(Suite.java:128)
	at org.junit.runners.Suite.runChild(Suite.java:27)
	at org.junit.runners.ParentRunner$3.run(ParentRunner.java:290)
	at org.apache.maven.surefire.junitcore.pc.Scheduler$1.run(Scheduler.java:410)
	at java.base/java.util.concurrent.Executors$RunnableAdapter.call(Executors.java:515)
	at java.base/java.util.concurrent.FutureTask.run(FutureTask.java:264)
	at java.base/java.util.concurrent.ThreadPoolExecutor.runWorker(ThreadPoolExecutor.java:1128)
	at java.base/java.util.concurrent.ThreadPoolExecutor$Worker.run(ThreadPoolExecutor.java:628)
	at java.base/java.lang.Thread.run(Thread.java:829)

net.thucydides.core.webdriver.DriverConfigurationError: Could not instantiate class io.appium.java_client.AppiumDriver
	at net.thucydides.core.webdriver.WebDriverFacade.newDriverInstance(WebDriverFacade.java:144)
	at net.thucydides.core.webdriver.WebDriverFacade.newProxyDriver(WebDriverFacade.java:132)
	at net.thucydides.core.webdriver.WebDriverFacade.getProxiedDriver(WebDriverFacade.java:102)
	at net.serenitybdd.core.webdriver.RemoteDriver.of(RemoteDriver.java:13)
	at net.thucydides.core.webdriver.appium.AppiumConfiguration.getTargetPlatform(AppiumConfiguration.java:57)
	at net.thucydides.core.webdriver.ElementLocatorFactorySelector.platformFor(ElementLocatorFactorySelector.java:51)
	at net.thucydides.core.webdriver.ElementLocatorFactorySelector.getLocatorFor(ElementLocatorFactorySelector.java:41)
	at net.thucydides.core.webdriver.ElementLocatorFactorySelector.getLocatorFor(ElementLocatorFactorySelector.java:31)
	at net.thucydides.core.annotations.locators.SmartElementProxyCreator.proxyElements(SmartElementProxyCreator.java:21)
	at net.thucydides.core.webdriver.DefaultPageObjectInitialiser.apply(DefaultPageObjectInitialiser.java:19)
	at net.serenitybdd.core.pages.PageObject.setDriver(PageObject.java:166)
	at net.serenitybdd.core.pages.PageObject.setDriver(PageObject.java:170)
	at net.serenitybdd.core.pages.PageObject.<init>(PageObject.java:154)
	at net.serenitybdd.screenplay.abilities.BrowseTheWeb.<init>(BrowseTheWeb.java:31)
	at net.serenitybdd.screenplay.abilities.BrowseTheWeb.with(BrowseTheWeb.java:47)
	at net.serenitybdd.screenplay.actors.OnlineCast.actorNamed(OnlineCast.java:45)
	at net.serenitybdd.screenplay.actors.Stage.lambda$shineSpotlightOn$1(Stage.java:24)
	at java.base/java.util.Optional.orElseGet(Optional.java:369)
	at net.serenitybdd.screenplay.actors.Stage.shineSpotlightOn(Stage.java:24)
	at net.serenitybdd.screenplay.actors.OnStage.theActorCalled(OnStage.java:37)
	at net.serenitybdd.screenplay.actors.OnStage.theActor(OnStage.java:53)
	at Steps.Hook.init(Hook.java:28)
	at java.base/jdk.internal.reflect.NativeMethodAccessorImpl.invoke0(Native Method)
	at java.base/jdk.internal.reflect.NativeMethodAccessorImpl.invoke(NativeMethodAccessorImpl.java:62)
	at java.base/jdk.internal.reflect.DelegatingMethodAccessorImpl.invoke(DelegatingMethodAccessorImpl.java:43)
	at java.base/java.lang.reflect.Method.invoke(Method.java:566)
	at cucumber.runtime.Utils$1.call(Utils.java:31)
	at cucumber.runtime.Timeout.timeout(Timeout.java:16)
	at cucumber.runtime.Utils.invoke(Utils.java:25)
	at cucumber.runtime.java.JavaHookDefinition.execute(JavaHookDefinition.java:60)
	at cucumber.runtime.HookDefinitionMatch.runStep(HookDefinitionMatch.java:17)
	at cucumber.runner.UnskipableStep.executeStep(UnskipableStep.java:22)
	at cucumber.api.TestStep.run(TestStep.java:83)
	at cucumber.api.TestCase.run(TestCase.java:58)
	at cucumber.runner.Runner.runPickle(Runner.java:80)
	at cucumber.runtime.junit.PickleRunners$NoStepDescriptions.run(PickleRunners.java:140)
	at cucumber.runtime.junit.FeatureRunner.runChild(FeatureRunner.java:68)
	at cucumber.runtime.junit.FeatureRunner.runChild(FeatureRunner.java:23)
	at org.junit.runners.ParentRunner$3.run(ParentRunner.java:290)
	at org.junit.runners.ParentRunner$1.schedule(ParentRunner.java:71)
	at org.junit.runners.ParentRunner.runChildren(ParentRunner.java:288)
	at org.junit.runners.ParentRunner.access$000(ParentRunner.java:58)
	at org.junit.runners.ParentRunner$2.evaluate(ParentRunner.java:268)
	at org.junit.runners.ParentRunner.run(ParentRunner.java:363)
	at cucumber.runtime.junit.FeatureRunner.run(FeatureRunner.java:73)
	at cucumber.api.junit.Cucumber.runChild(Cucumber.java:118)
	at cucumber.api.junit.Cucumber.runChild(Cucumber.java:56)
	at org.junit.runners.ParentRunner$3.run(ParentRunner.java:290)
	at org.apache.maven.surefire.junitcore.pc.Scheduler$1.run(Scheduler.java:410)
	at org.apache.maven.surefire.junitcore.pc.InvokerStrategy.schedule(InvokerStrategy.java:54)
	at org.apache.maven.surefire.junitcore.pc.Scheduler.schedule(Scheduler.java:367)
	at org.junit.runners.ParentRunner.runChildren(ParentRunner.java:288)
	at org.junit.runners.ParentRunner.access$000(ParentRunner.java:58)
	at org.junit.runners.ParentRunner$2.evaluate(ParentRunner.java:268)
	at cucumber.api.junit.Cucumber$1.evaluate(Cucumber.java:127)
	at org.junit.runners.ParentRunner.run(ParentRunner.java:363)
	at org.junit.runners.Suite.runChild(Suite.java:128)
	at org.junit.runners.Suite.runChild(Suite.java:27)
	at org.junit.runners.ParentRunner$3.run(ParentRunner.java:290)
	at org.apache.maven.surefire.junitcore.pc.Scheduler$1.run(Scheduler.java:410)
	at java.base/java.util.concurrent.Executors$RunnableAdapter.call(Executors.java:515)
	at java.base/java.util.concurrent.FutureTask.run(FutureTask.java:264)
	at java.base/java.util.concurrent.ThreadPoolExecutor.runWorker(ThreadPoolExecutor.java:1128)
	at java.base/java.util.concurrent.ThreadPoolExecutor$Worker.run(ThreadPoolExecutor.java:628)
	at java.base/java.lang.Thread.run(Thread.java:829)
Caused by: net.thucydides.core.webdriver.DriverConfigurationError: Could not instantiate new WebDriver instance of type class io.appium.java_client.AppiumDriver (Unable to create a new remote session. Original error: Failed to connect to /127.0.0.0:4723
Build info: version: '3.141.59', revision: 'e82be7d358', time: '2018-11-14T08:17:03'
System info: host: 'mbp-de-jorge', ip: 'fe80:0:0:0:cba:f85:ccfd:cb45%en0', os.name: 'Mac OS X', os.arch: 'x86_64', os.version: '11.5', java.version: '11.0.12'
Driver info: driver.version: RemoteDriver). See below for more details.
	at net.thucydides.core.webdriver.WebDriverFactory.newWebdriverInstance(WebDriverFactory.java:158)
	at net.thucydides.core.webdriver.WebDriverFacade.newDriverInstance(WebDriverFacade.java:141)
	... 64 more
Caused by: org.openqa.selenium.SessionNotCreatedException: Unable to create a new remote session. Original error: Failed to connect to /127.0.0.0:4723
Build info: version: '3.141.59', revision: 'e82be7d358', time: '2018-11-14T08:17:03'
System info: host: 'mbp-de-jorge', ip: 'fe80:0:0:0:cba:f85:ccfd:cb45%en0', os.name: 'Mac OS X', os.arch: 'x86_64', os.version: '11.5', java.version: '11.0.12'
Driver info: driver.version: RemoteDriver
	at io.appium.java_client.remote.AppiumCommandExecutor$1.createSession(AppiumCommandExecutor.java:208)
	at io.appium.java_client.remote.AppiumCommandExecutor.createSession(AppiumCommandExecutor.java:217)
	at io.appium.java_client.remote.AppiumCommandExecutor.execute(AppiumCommandExecutor.java:239)
	at org.openqa.selenium.remote.RemoteWebDriver.execute(RemoteWebDriver.java:552)
	at io.appium.java_client.DefaultGenericMobileDriver.execute(DefaultGenericMobileDriver.java:41)
	at io.appium.java_client.AppiumDriver.execute(AppiumDriver.java:1)
	at io.appium.java_client.android.AndroidDriver.execute(AndroidDriver.java:1)
	at org.openqa.selenium.remote.RemoteWebDriver.startSession(RemoteWebDriver.java:213)
	at io.appium.java_client.AppiumDriver.startSession(AppiumDriver.java:323)
	at org.openqa.selenium.remote.RemoteWebDriver.<init>(RemoteWebDriver.java:131)
	at io.appium.java_client.DefaultGenericMobileDriver.<init>(DefaultGenericMobileDriver.java:37)
	at io.appium.java_client.AppiumDriver.<init>(AppiumDriver.java:86)
	at io.appium.java_client.AppiumDriver.<init>(AppiumDriver.java:96)
	at io.appium.java_client.android.AndroidDriver.<init>(AndroidDriver.java:94)
	at net.serenitybdd.core.webdriver.driverproviders.AppiumDriverProvider.newDriverUsingExternalServer(AppiumDriverProvider.java:59)
	at net.serenitybdd.core.webdriver.driverproviders.AppiumDriverProvider.newInstance(AppiumDriverProvider.java:47)
	at net.thucydides.core.webdriver.WebDriverFactory.createWebDriver(WebDriverFactory.java:169)
	at net.thucydides.core.webdriver.WebDriverFactory.newWebdriverInstance(WebDriverFactory.java:150)
	... 65 more
Caused by: java.lang.reflect.InvocationTargetException
	at java.base/jdk.internal.reflect.NativeMethodAccessorImpl.invoke0(Native Method)
	at java.base/jdk.internal.reflect.NativeMethodAccessorImpl.invoke(NativeMethodAccessorImpl.java:62)
	at java.base/jdk.internal.reflect.DelegatingMethodAccessorImpl.invoke(DelegatingMethodAccessorImpl.java:43)
	at java.base/java.lang.reflect.Method.invoke(Method.java:566)
	at io.appium.java_client.remote.AppiumCommandExecutor$1.createSession(AppiumCommandExecutor.java:186)
	... 82 more
Caused by: java.net.ConnectException: Failed to connect to /127.0.0.0:4723
	at okhttp3.internal.connection.RealConnection.connectSocket(RealConnection.java:247)
	at okhttp3.internal.connection.RealConnection.connect(RealConnection.java:165)
	at okhttp3.internal.connection.StreamAllocation.findConnection(StreamAllocation.java:257)
	at okhttp3.internal.connection.StreamAllocation.findHealthyConnection(StreamAllocation.java:135)
	at okhttp3.internal.connection.StreamAllocation.newStream(StreamAllocation.java:114)
	at okhttp3.internal.connection.ConnectInterceptor.intercept(ConnectInterceptor.java:42)
	at okhttp3.internal.http.RealInterceptorChain.proceed(RealInterceptorChain.java:147)
	at okhttp3.internal.http.RealInterceptorChain.proceed(RealInterceptorChain.java:121)
	at okhttp3.internal.cache.CacheInterceptor.intercept(CacheInterceptor.java:93)
	at okhttp3.internal.http.RealInterceptorChain.proceed(RealInterceptorChain.java:147)
	at okhttp3.internal.http.RealInterceptorChain.proceed(RealInterceptorChain.java:121)
	at okhttp3.internal.http.BridgeInterceptor.intercept(BridgeInterceptor.java:93)
	at okhttp3.internal.http.RealInterceptorChain.proceed(RealInterceptorChain.java:147)
	at okhttp3.internal.http.RetryAndFollowUpInterceptor.intercept(RetryAndFollowUpInterceptor.java:126)
	at okhttp3.internal.http.RealInterceptorChain.proceed(RealInterceptorChain.java:147)
	at okhttp3.internal.http.RealInterceptorChain.proceed(RealInterceptorChain.java:121)
	at okhttp3.RealCall.getResponseWithInterceptorChain(RealCall.java:200)
	at okhttp3.RealCall.execute(RealCall.java:77)
	at org.openqa.selenium.remote.internal.OkHttpClient.execute(OkHttpClient.java:103)
	at org.openqa.selenium.remote.ProtocolHandshake.createSession(ProtocolHandshake.java:105)
	... 87 more
Caused by: java.net.ConnectException: Operation timed out (Connection timed out)
	at java.base/java.net.PlainSocketImpl.socketConnect(Native Method)
	at java.base/java.net.AbstractPlainSocketImpl.doConnect(AbstractPlainSocketImpl.java:399)
	at java.base/java.net.AbstractPlainSocketImpl.connectToAddress(AbstractPlainSocketImpl.java:242)
	at java.base/java.net.AbstractPlainSocketImpl.connect(AbstractPlainSocketImpl.java:224)
	at java.base/java.net.SocksSocketImpl.connect(SocksSocketImpl.java:392)
	at java.base/java.net.Socket.connect(Socket.java:609)
	at okhttp3.internal.platform.Platform.connectSocket(Platform.java:129)
	at okhttp3.internal.connection.RealConnection.connectSocket(RealConnection.java:245)
	... 106 more

cucumber.runtime.AmbiguousStepDefinitionsException: "User login into application with 3005302178 and select his Comer Aqui, the Muy, his personalizado with Muy Muy" matches more than one step definition:
  "^User login into application with (.+) and select his (.+), the (.+), his (.+) with (.+)$" in HappyPath.user_login_into_application_with_and_select_his_the_his_with(String,String,String,String,String)
  "^User login into application with (.+)$" in EndToEnd1.user_login_into_application_with(String)

	at cucumber.runtime.RuntimeGlue.stepDefinitionMatch(RuntimeGlue.java:80)
	at cucumber.runner.Runner.addTestStepsForPickleSteps(Runner.java:111)
	at cucumber.runner.Runner.createTestCaseForPickle(Runner.java:99)
	at cucumber.runner.Runner.runPickle(Runner.java:79)
	at cucumber.runtime.junit.PickleRunners$NoStepDescriptions.run(PickleRunners.java:140)
	at cucumber.runtime.junit.FeatureRunner.runChild(FeatureRunner.java:68)
	at cucumber.runtime.junit.FeatureRunner.runChild(FeatureRunner.java:23)
	at org.junit.runners.ParentRunner$3.run(ParentRunner.java:290)
	at org.junit.runners.ParentRunner$1.schedule(ParentRunner.java:71)
	at org.junit.runners.ParentRunner.runChildren(ParentRunner.java:288)
	at org.junit.runners.ParentRunner.access$000(ParentRunner.java:58)
	at org.junit.runners.ParentRunner$2.evaluate(ParentRunner.java:268)
	at org.junit.runners.ParentRunner.run(ParentRunner.java:363)
	at cucumber.runtime.junit.FeatureRunner.run(FeatureRunner.java:73)
	at cucumber.api.junit.Cucumber.runChild(Cucumber.java:118)
	at cucumber.api.junit.Cucumber.runChild(Cucumber.java:56)
	at org.junit.runners.ParentRunner$3.run(ParentRunner.java:290)
	at org.apache.maven.surefire.junitcore.pc.Scheduler$1.run(Scheduler.java:410)
	at org.apache.maven.surefire.junitcore.pc.InvokerStrategy.schedule(InvokerStrategy.java:54)
	at org.apache.maven.surefire.junitcore.pc.Scheduler.schedule(Scheduler.java:367)
	at org.junit.runners.ParentRunner.runChildren(ParentRunner.java:288)
	at org.junit.runners.ParentRunner.access$000(ParentRunner.java:58)
	at org.junit.runners.ParentRunner$2.evaluate(ParentRunner.java:268)
	at cucumber.api.junit.Cucumber$1.evaluate(Cucumber.java:127)
	at org.junit.runners.ParentRunner.run(ParentRunner.java:363)
	at org.junit.runners.Suite.runChild(Suite.java:128)
	at org.junit.runners.Suite.runChild(Suite.java:27)
	at org.junit.runners.ParentRunner$3.run(ParentRunner.java:290)
	at org.apache.maven.surefire.junitcore.pc.Scheduler$1.run(Scheduler.java:410)
	at java.base/java.util.concurrent.Executors$RunnableAdapter.call(Executors.java:515)
	at java.base/java.util.concurrent.FutureTask.run(FutureTask.java:264)
	at java.base/java.util.concurrent.ThreadPoolExecutor.runWorker(ThreadPoolExecutor.java:1128)
	at java.base/java.util.concurrent.ThreadPoolExecutor$Worker.run(ThreadPoolExecutor.java:628)
	at java.base/java.lang.Thread.run(Thread.java:829)

net.thucydides.core.webdriver.DriverConfigurationError: Could not instantiate class io.appium.java_client.AppiumDriver
	at net.thucydides.core.webdriver.WebDriverFacade.newDriverInstance(WebDriverFacade.java:144)
	at net.thucydides.core.webdriver.WebDriverFacade.newProxyDriver(WebDriverFacade.java:132)
	at net.thucydides.core.webdriver.WebDriverFacade.getProxiedDriver(WebDriverFacade.java:102)
	at net.serenitybdd.core.webdriver.RemoteDriver.of(RemoteDriver.java:13)
	at net.thucydides.core.webdriver.appium.AppiumConfiguration.getTargetPlatform(AppiumConfiguration.java:57)
	at net.thucydides.core.webdriver.ElementLocatorFactorySelector.platformFor(ElementLocatorFactorySelector.java:51)
	at net.thucydides.core.webdriver.ElementLocatorFactorySelector.getLocatorFor(ElementLocatorFactorySelector.java:41)
	at net.thucydides.core.webdriver.ElementLocatorFactorySelector.getLocatorFor(ElementLocatorFactorySelector.java:31)
	at net.thucydides.core.annotations.locators.SmartElementProxyCreator.proxyElements(SmartElementProxyCreator.java:21)
	at net.thucydides.core.webdriver.DefaultPageObjectInitialiser.apply(DefaultPageObjectInitialiser.java:19)
	at net.serenitybdd.core.pages.PageObject.setDriver(PageObject.java:166)
	at net.serenitybdd.core.pages.PageObject.setDriver(PageObject.java:170)
	at net.serenitybdd.core.pages.PageObject.<init>(PageObject.java:154)
	at net.serenitybdd.screenplay.abilities.BrowseTheWeb.<init>(BrowseTheWeb.java:31)
	at net.serenitybdd.screenplay.abilities.BrowseTheWeb.with(BrowseTheWeb.java:47)
	at net.serenitybdd.screenplay.actors.OnlineCast.actorNamed(OnlineCast.java:45)
	at net.serenitybdd.screenplay.actors.Stage.lambda$shineSpotlightOn$1(Stage.java:24)
	at java.base/java.util.Optional.orElseGet(Optional.java:369)
	at net.serenitybdd.screenplay.actors.Stage.shineSpotlightOn(Stage.java:24)
	at net.serenitybdd.screenplay.actors.OnStage.theActorCalled(OnStage.java:37)
	at net.serenitybdd.screenplay.actors.OnStage.theActor(OnStage.java:53)
	at Steps.Hook.init(Hook.java:28)
	at java.base/jdk.internal.reflect.NativeMethodAccessorImpl.invoke0(Native Method)
	at java.base/jdk.internal.reflect.NativeMethodAccessorImpl.invoke(NativeMethodAccessorImpl.java:62)
	at java.base/jdk.internal.reflect.DelegatingMethodAccessorImpl.invoke(DelegatingMethodAccessorImpl.java:43)
	at java.base/java.lang.reflect.Method.invoke(Method.java:566)
	at cucumber.runtime.Utils$1.call(Utils.java:31)
	at cucumber.runtime.Timeout.timeout(Timeout.java:16)
	at cucumber.runtime.Utils.invoke(Utils.java:25)
	at cucumber.runtime.java.JavaHookDefinition.execute(JavaHookDefinition.java:60)
	at cucumber.runtime.HookDefinitionMatch.runStep(HookDefinitionMatch.java:17)
	at cucumber.runner.UnskipableStep.executeStep(UnskipableStep.java:22)
	at cucumber.api.TestStep.run(TestStep.java:83)
	at cucumber.api.TestCase.run(TestCase.java:58)
	at cucumber.runner.Runner.runPickle(Runner.java:80)
	at cucumber.runtime.junit.PickleRunners$NoStepDescriptions.run(PickleRunners.java:140)
	at cucumber.runtime.junit.FeatureRunner.runChild(FeatureRunner.java:68)
	at cucumber.runtime.junit.FeatureRunner.runChild(FeatureRunner.java:23)
	at org.junit.runners.ParentRunner$3.run(ParentRunner.java:290)
	at org.junit.runners.ParentRunner$1.schedule(ParentRunner.java:71)
	at org.junit.runners.ParentRunner.runChildren(ParentRunner.java:288)
	at org.junit.runners.ParentRunner.access$000(ParentRunner.java:58)
	at org.junit.runners.ParentRunner$2.evaluate(ParentRunner.java:268)
	at org.junit.runners.ParentRunner.run(ParentRunner.java:363)
	at cucumber.runtime.junit.FeatureRunner.run(FeatureRunner.java:73)
	at cucumber.api.junit.Cucumber.runChild(Cucumber.java:118)
	at cucumber.api.junit.Cucumber.runChild(Cucumber.java:56)
	at org.junit.runners.ParentRunner$3.run(ParentRunner.java:290)
	at org.apache.maven.surefire.junitcore.pc.Scheduler$1.run(Scheduler.java:410)
	at org.apache.maven.surefire.junitcore.pc.InvokerStrategy.schedule(InvokerStrategy.java:54)
	at org.apache.maven.surefire.junitcore.pc.Scheduler.schedule(Scheduler.java:367)
	at org.junit.runners.ParentRunner.runChildren(ParentRunner.java:288)
	at org.junit.runners.ParentRunner.access$000(ParentRunner.java:58)
	at org.junit.runners.ParentRunner$2.evaluate(ParentRunner.java:268)
	at cucumber.api.junit.Cucumber$1.evaluate(Cucumber.java:127)
	at org.junit.runners.ParentRunner.run(ParentRunner.java:363)
	at org.junit.runners.Suite.runChild(Suite.java:128)
	at org.junit.runners.Suite.runChild(Suite.java:27)
	at org.junit.runners.ParentRunner$3.run(ParentRunner.java:290)
	at org.apache.maven.surefire.junitcore.pc.Scheduler$1.run(Scheduler.java:410)
	at java.base/java.util.concurrent.Executors$RunnableAdapter.call(Executors.java:515)
	at java.base/java.util.concurrent.FutureTask.run(FutureTask.java:264)
	at java.base/java.util.concurrent.ThreadPoolExecutor.runWorker(ThreadPoolExecutor.java:1128)
	at java.base/java.util.concurrent.ThreadPoolExecutor$Worker.run(ThreadPoolExecutor.java:628)
	at java.base/java.lang.Thread.run(Thread.java:829)
Caused by: net.thucydides.core.webdriver.DriverConfigurationError: Could not instantiate new WebDriver instance of type class io.appium.java_client.AppiumDriver (Unable to create a new remote session. Original error: Failed to connect to /127.0.0.0:4723
Build info: version: '3.141.59', revision: 'e82be7d358', time: '2018-11-14T08:17:03'
System info: host: 'mbp-de-jorge', ip: 'fe80:0:0:0:cba:f85:ccfd:cb45%en0', os.name: 'Mac OS X', os.arch: 'x86_64', os.version: '11.5', java.version: '11.0.12'
Driver info: driver.version: RemoteDriver). See below for more details.
	at net.thucydides.core.webdriver.WebDriverFactory.newWebdriverInstance(WebDriverFactory.java:158)
	at net.thucydides.core.webdriver.WebDriverFacade.newDriverInstance(WebDriverFacade.java:141)
	... 64 more
Caused by: org.openqa.selenium.SessionNotCreatedException: Unable to create a new remote session. Original error: Failed to connect to /127.0.0.0:4723
Build info: version: '3.141.59', revision: 'e82be7d358', time: '2018-11-14T08:17:03'
System info: host: 'mbp-de-jorge', ip: 'fe80:0:0:0:cba:f85:ccfd:cb45%en0', os.name: 'Mac OS X', os.arch: 'x86_64', os.version: '11.5', java.version: '11.0.12'
Driver info: driver.version: RemoteDriver
	at io.appium.java_client.remote.AppiumCommandExecutor$1.createSession(AppiumCommandExecutor.java:208)
	at io.appium.java_client.remote.AppiumCommandExecutor.createSession(AppiumCommandExecutor.java:217)
	at io.appium.java_client.remote.AppiumCommandExecutor.execute(AppiumCommandExecutor.java:239)
	at org.openqa.selenium.remote.RemoteWebDriver.execute(RemoteWebDriver.java:552)
	at io.appium.java_client.DefaultGenericMobileDriver.execute(DefaultGenericMobileDriver.java:41)
	at io.appium.java_client.AppiumDriver.execute(AppiumDriver.java:1)
	at io.appium.java_client.android.AndroidDriver.execute(AndroidDriver.java:1)
	at org.openqa.selenium.remote.RemoteWebDriver.startSession(RemoteWebDriver.java:213)
	at io.appium.java_client.AppiumDriver.startSession(AppiumDriver.java:323)
	at org.openqa.selenium.remote.RemoteWebDriver.<init>(RemoteWebDriver.java:131)
	at io.appium.java_client.DefaultGenericMobileDriver.<init>(DefaultGenericMobileDriver.java:37)
	at io.appium.java_client.AppiumDriver.<init>(AppiumDriver.java:86)
	at io.appium.java_client.AppiumDriver.<init>(AppiumDriver.java:96)
	at io.appium.java_client.android.AndroidDriver.<init>(AndroidDriver.java:94)
	at net.serenitybdd.core.webdriver.driverproviders.AppiumDriverProvider.newDriverUsingExternalServer(AppiumDriverProvider.java:59)
	at net.serenitybdd.core.webdriver.driverproviders.AppiumDriverProvider.newInstance(AppiumDriverProvider.java:47)
	at net.thucydides.core.webdriver.WebDriverFactory.createWebDriver(WebDriverFactory.java:169)
	at net.thucydides.core.webdriver.WebDriverFactory.newWebdriverInstance(WebDriverFactory.java:150)
	... 65 more
Caused by: java.lang.reflect.InvocationTargetException
	at java.base/jdk.internal.reflect.NativeMethodAccessorImpl.invoke0(Native Method)
	at java.base/jdk.internal.reflect.NativeMethodAccessorImpl.invoke(NativeMethodAccessorImpl.java:62)
	at java.base/jdk.internal.reflect.DelegatingMethodAccessorImpl.invoke(DelegatingMethodAccessorImpl.java:43)
	at java.base/java.lang.reflect.Method.invoke(Method.java:566)
	at io.appium.java_client.remote.AppiumCommandExecutor$1.createSession(AppiumCommandExecutor.java:186)
	... 82 more
Caused by: java.net.ConnectException: Failed to connect to /127.0.0.0:4723
	at okhttp3.internal.connection.RealConnection.connectSocket(RealConnection.java:247)
	at okhttp3.internal.connection.RealConnection.connect(RealConnection.java:165)
	at okhttp3.internal.connection.StreamAllocation.findConnection(StreamAllocation.java:257)
	at okhttp3.internal.connection.StreamAllocation.findHealthyConnection(StreamAllocation.java:135)
	at okhttp3.internal.connection.StreamAllocation.newStream(StreamAllocation.java:114)
	at okhttp3.internal.connection.ConnectInterceptor.intercept(ConnectInterceptor.java:42)
	at okhttp3.internal.http.RealInterceptorChain.proceed(RealInterceptorChain.java:147)
	at okhttp3.internal.http.RealInterceptorChain.proceed(RealInterceptorChain.java:121)
	at okhttp3.internal.cache.CacheInterceptor.intercept(CacheInterceptor.java:93)
	at okhttp3.internal.http.RealInterceptorChain.proceed(RealInterceptorChain.java:147)
	at okhttp3.internal.http.RealInterceptorChain.proceed(RealInterceptorChain.java:121)
	at okhttp3.internal.http.BridgeInterceptor.intercept(BridgeInterceptor.java:93)
	at okhttp3.internal.http.RealInterceptorChain.proceed(RealInterceptorChain.java:147)
	at okhttp3.internal.http.RetryAndFollowUpInterceptor.intercept(RetryAndFollowUpInterceptor.java:126)
	at okhttp3.internal.http.RealInterceptorChain.proceed(RealInterceptorChain.java:147)
	at okhttp3.internal.http.RealInterceptorChain.proceed(RealInterceptorChain.java:121)
	at okhttp3.RealCall.getResponseWithInterceptorChain(RealCall.java:200)
	at okhttp3.RealCall.execute(RealCall.java:77)
	at org.openqa.selenium.remote.internal.OkHttpClient.execute(OkHttpClient.java:103)
	at org.openqa.selenium.remote.ProtocolHandshake.createSession(ProtocolHandshake.java:105)
	... 87 more
Caused by: java.net.ConnectException: Operation timed out (Connection timed out)
	at java.base/java.net.PlainSocketImpl.socketConnect(Native Method)
	at java.base/java.net.AbstractPlainSocketImpl.doConnect(AbstractPlainSocketImpl.java:399)
	at java.base/java.net.AbstractPlainSocketImpl.connectToAddress(AbstractPlainSocketImpl.java:242)
	at java.base/java.net.AbstractPlainSocketImpl.connect(AbstractPlainSocketImpl.java:224)
	at java.base/java.net.SocksSocketImpl.connect(SocksSocketImpl.java:392)
	at java.base/java.net.Socket.connect(Socket.java:609)
	at okhttp3.internal.platform.Platform.connectSocket(Platform.java:129)
	at okhttp3.internal.connection.RealConnection.connectSocket(RealConnection.java:245)
	... 106 more

]]></system-out>
    <system-err><![CDATA[[pool-1-thread-1] ERROR net.thucydides.core.steps.ConsoleLoggingListener - 
           __  _____ _____ ____ _____   _____ _    ___ _     _____ ____  
  _       / / |_   _| ____/ ___|_   _| |  ___/ \  |_ _| |   | ____|  _ \ 
 (_)_____| |    | | |  _| \___ \ | |   | |_ / _ \  | || |   |  _| | | | |
  _|_____| |    | | | |___ ___) || |   |  _/ ___ \ | || |___| |___| |_| |
 (_)     | |    |_| |_____|____/ |_|   |_|/_/   \_\___|_____|_____|____/ 
          \_\                                                            

TEST FAILED WITH ERROR: User create order with menu personalizado
---------------------------------------------------------------------
[pool-1-thread-1] ERROR net.thucydides.core.steps.ConsoleLoggingListener - TEST FAILED AT STEP When User login into application with 3005302178 and select his Para llevar, the Pecado, his personalizado with Gran Pecado
[pool-1-thread-1] ERROR net.thucydides.core.steps.ConsoleLoggingListener - Could not instantiate new WebDriver instance of type class io.appium.java_client.AppiumDriver (Unable to create a new remote session. Original error: Failed to connect to /127.0.0.0:4723
]]></system-err>
  </testcase>
  <testcase name="User create order with menu personalizado" classname="create different orders" time="0">
    <error message="&quot;User login into application with 3005302178 and select his Para llevar, the Pecado, his personalizado with Gran Pecado&quot; matches more than one step definition:&#10;  &quot;^User login into application with (.+) and select his (.+), the (.+), his (.+) with (.+)$&quot; in HappyPath.user_login_into_application_with_and_select_his_the_his_with(String,String,String,String,String)&#10;  &quot;^User login into application with (.+)$&quot; in EndToEnd1.user_login_into_application_with(String)&#10;" type="cucumber.runtime.AmbiguousStepDefinitionsException">cucumber.runtime.AmbiguousStepDefinitionsException: 
"User login into application with 3005302178 and select his Para llevar, the Pecado, his personalizado with Gran Pecado" matches more than one step definition:
  "^User login into application with (.+) and select his (.+), the (.+), his (.+) with (.+)$" in HappyPath.user_login_into_application_with_and_select_his_the_his_with(String,String,String,String,String)
  "^User login into application with (.+)$" in EndToEnd1.user_login_into_application_with(String)

</error>
  </testcase>
  <testcase name="User create order with menu personalizado" classname="create different orders" time="76.49">
    <error message="Could not instantiate class io.appium.java_client.AppiumDriver" type="net.thucydides.core.webdriver.DriverConfigurationError">net.thucydides.core.webdriver.DriverConfigurationError: Could not instantiate class io.appium.java_client.AppiumDriver
Caused by: net.thucydides.core.webdriver.DriverConfigurationError: 
Could not instantiate new WebDriver instance of type class io.appium.java_client.AppiumDriver (Unable to create a new remote session. Original error: Failed to connect to /127.0.0.0:4723
Build info: version: '3.141.59', revision: 'e82be7d358', time: '2018-11-14T08:17:03'
System info: host: 'mbp-de-jorge', ip: 'fe80:0:0:0:cba:f85:ccfd:cb45%en0', os.name: 'Mac OS X', os.arch: 'x86_64', os.version: '11.5', java.version: '11.0.12'
Driver info: driver.version: RemoteDriver). See below for more details.
Caused by: org.openqa.selenium.SessionNotCreatedException: 
Unable to create a new remote session. Original error: Failed to connect to /127.0.0.0:4723
Build info: version: '3.141.59', revision: 'e82be7d358', time: '2018-11-14T08:17:03'
System info: host: 'mbp-de-jorge', ip: 'fe80:0:0:0:cba:f85:ccfd:cb45%en0', os.name: 'Mac OS X', os.arch: 'x86_64', os.version: '11.5', java.version: '11.0.12'
Driver info: driver.version: RemoteDriver
Caused by: java.lang.reflect.InvocationTargetException
Caused by: java.net.ConnectException: Failed to connect to /127.0.0.0:4723
Caused by: java.net.ConnectException: Operation timed out (Connection timed out)
</error>
  </testcase>
  <testcase name="User create order with menu personalizado" classname="create different orders" time="0">
    <error message="&quot;User login into application with 3005302178 and select his Comer Aqui, the Muy, his personalizado with Muy Muy&quot; matches more than one step definition:&#10;  &quot;^User login into application with (.+) and select his (.+), the (.+), his (.+) with (.+)$&quot; in HappyPath.user_login_into_application_with_and_select_his_the_his_with(String,String,String,String,String)&#10;  &quot;^User login into application with (.+)$&quot; in EndToEnd1.user_login_into_application_with(String)&#10;" type="cucumber.runtime.AmbiguousStepDefinitionsException">cucumber.runtime.AmbiguousStepDefinitionsException: 
"User login into application with 3005302178 and select his Comer Aqui, the Muy, his personalizado with Muy Muy" matches more than one step definition:
  "^User login into application with (.+) and select his (.+), the (.+), his (.+) with (.+)$" in HappyPath.user_login_into_application_with_and_select_his_the_his_with(String,String,String,String,String)
  "^User login into application with (.+)$" in EndToEnd1.user_login_into_application_with(String)

</error>
  </testcase>
  <testcase name="User non-registered order with menu Fresco" classname="create different orders" time="75.794">
    <error message="Could not instantiate class io.appium.java_client.AppiumDriver" type="net.thucydides.core.webdriver.DriverConfigurationError">net.thucydides.core.webdriver.DriverConfigurationError: Could not instantiate class io.appium.java_client.AppiumDriver
Caused by: net.thucydides.core.webdriver.DriverConfigurationError: 
Could not instantiate new WebDriver instance of type class io.appium.java_client.AppiumDriver (Unable to create a new remote session. Original error: Failed to connect to /127.0.0.0:4723
Build info: version: '3.141.59', revision: 'e82be7d358', time: '2018-11-14T08:17:03'
System info: host: 'mbp-de-jorge', ip: 'fe80:0:0:0:cba:f85:ccfd:cb45%en0', os.name: 'Mac OS X', os.arch: 'x86_64', os.version: '11.5', java.version: '11.0.12'
Driver info: driver.version: RemoteDriver). See below for more details.
Caused by: org.openqa.selenium.SessionNotCreatedException: 
Unable to create a new remote session. Original error: Failed to connect to /127.0.0.0:4723
Build info: version: '3.141.59', revision: 'e82be7d358', time: '2018-11-14T08:17:03'
System info: host: 'mbp-de-jorge', ip: 'fe80:0:0:0:cba:f85:ccfd:cb45%en0', os.name: 'Mac OS X', os.arch: 'x86_64', os.version: '11.5', java.version: '11.0.12'
Driver info: driver.version: RemoteDriver
Caused by: java.lang.reflect.InvocationTargetException
Caused by: java.net.ConnectException: Failed to connect to /127.0.0.0:4723
Caused by: java.net.ConnectException: Operation timed out (Connection timed out)
</error>
    <system-err><![CDATA[[pool-1-thread-1] ERROR net.thucydides.core.steps.ConsoleLoggingListener - 
           __  _____ _____ ____ _____   _____ _    ___ _     _____ ____  
  _       / / |_   _| ____/ ___|_   _| |  ___/ \  |_ _| |   | ____|  _ \ 
 (_)_____| |    | | |  _| \___ \ | |   | |_ / _ \  | || |   |  _| | | | |
  _|_____| |    | | | |___ ___) || |   |  _/ ___ \ | || |___| |___| |_| |
 (_)     | |    |_| |_____|____/ |_|   |_|/_/   \_\___|_____|_____|____/ 
          \_\                                                            

TEST FAILED WITH ERROR: User non-registered order with menu Fresco
---------------------------------------------------------------------
[pool-1-thread-1] ERROR net.thucydides.core.steps.ConsoleLoggingListener - TEST FAILED AT STEP Example: {storeEmail=muy83-ag1@muy.com.co, password=muy83-ag, numberPhone=3005302176, name=Bruce, lastName=Wayne, orderMode=Para llevar, brand=Muy, size=Muy Muy, sugerido=Fresco}
[pool-1-thread-1] ERROR net.thucydides.core.steps.ConsoleLoggingListener - Could not instantiate new WebDriver instance of type class io.appium.java_client.AppiumDriver (Unable to create a new remote session. Original error: Failed to connect to /127.0.0.0:4723
]]></system-err>
  </testcase>
</testsuite>